This is pdfTeX, Version 3.1415926-2.3-1.40.12 (MiKTeX 2.9) (preloaded format=pdflatex 2013.1.6)  13 JAN 2013 18:32
entering extended mode
**HFdraft.tex

("C:\Users\Anthony\Documents\Cours ESISAR\5A EPFL\TP Elec\LabElec\Init_HF\HFdra
ft.tex"
LaTeX2e <2011/06/27>
Babel <v3.8m> and hyphenation patterns for english, afrikaans, ancientgreek, ar
abic, armenian, assamese, basque, bengali, bokmal, bulgarian, catalan, coptic, 
croatian, czech, danish, dutch, esperanto, estonian, farsi, finnish, french, ga
lician, german, german-x-2009-06-19, greek, gujarati, hindi, hungarian, iceland
ic, indonesian, interlingua, irish, italian, kannada, kurmanji, lao, latin, lat
vian, lithuanian, malayalam, marathi, mongolian, mongolianlmc, monogreek, ngerm
an, ngerman-x-2009-06-19, nynorsk, oriya, panjabi, pinyin, polish, portuguese, 
romanian, russian, sanskrit, serbian, slovak, slovenian, spanish, swedish, swis
sgerman, tamil, telugu, turkish, turkmen, ukenglish, ukrainian, uppersorbian, u
senglishmax, welsh, loaded.
("C:\Program Files (x86)\MiKTeX 2.9\tex\latex\base\article.cls"
Document Class: article 2007/10/19 v1.4h Standard LaTeX document class
("C:\Program Files (x86)\MiKTeX 2.9\tex\latex\base\size10.clo"
File: size10.clo 2007/10/19 v1.4h Standard LaTeX file (size option)
)
\c@part=\count79
\c@section=\count80
\c@subsection=\count81
\c@subsubsection=\count82
\c@paragraph=\count83
\c@subparagraph=\count84
\c@figure=\count85
\c@table=\count86
\abovecaptionskip=\skip41
\belowcaptionskip=\skip42
\bibindent=\dimen102
)
("C:\Users\Anthony\Documents\Cours ESISAR\5A EPFL\TP Elec\LabElec\LaTeXconfig.t
ex" ("C:\Program Files (x86)\MiKTeX 2.9\tex\latex\ntgclass\a4.sty"
Package: a4 2004/04/15 v1.2g A4 based page layout
)
("C:\Program Files (x86)\MiKTeX 2.9\tex\latex\ams\math\amsmath.sty"
Package: amsmath 2000/07/18 v2.13 AMS math features
\@mathmargin=\skip43

For additional information on amsmath, use the `?' option.
("C:\Program Files (x86)\MiKTeX 2.9\tex\latex\ams\math\amstext.sty"
Package: amstext 2000/06/29 v2.01

("C:\Program Files (x86)\MiKTeX 2.9\tex\latex\ams\math\amsgen.sty"
File: amsgen.sty 1999/11/30 v2.0
\@emptytoks=\toks14
\ex@=\dimen103
))
("C:\Program Files (x86)\MiKTeX 2.9\tex\latex\ams\math\amsbsy.sty"
Package: amsbsy 1999/11/29 v1.2d
\pmbraise@=\dimen104
)
("C:\Program Files (x86)\MiKTeX 2.9\tex\latex\ams\math\amsopn.sty"
Package: amsopn 1999/12/14 v2.01 operator names
)
\inf@bad=\count87
LaTeX Info: Redefining \frac on input line 211.
\uproot@=\count88
\leftroot@=\count89
LaTeX Info: Redefining \overline on input line 307.
\classnum@=\count90
\DOTSCASE@=\count91
LaTeX Info: Redefining \ldots on input line 379.
LaTeX Info: Redefining \dots on input line 382.
LaTeX Info: Redefining \cdots on input line 467.
\Mathstrutbox@=\box26
\strutbox@=\box27
\big@size=\dimen105
LaTeX Font Info:    Redeclaring font encoding OML on input line 567.
LaTeX Font Info:    Redeclaring font encoding OMS on input line 568.
\macc@depth=\count92
\c@MaxMatrixCols=\count93
\dotsspace@=\muskip10
\c@parentequation=\count94
\dspbrk@lvl=\count95
\tag@help=\toks15
\row@=\count96
\column@=\count97
\maxfields@=\count98
\andhelp@=\toks16
\eqnshift@=\dimen106
\alignsep@=\dimen107
\tagshift@=\dimen108
\tagwidth@=\dimen109
\totwidth@=\dimen110
\lineht@=\dimen111
\@envbody=\toks17
\multlinegap=\skip44
\multlinetaggap=\skip45
\mathdisplay@stack=\toks18
LaTeX Info: Redefining \[ on input line 2666.
LaTeX Info: Redefining \] on input line 2667.
)
("C:\Program Files (x86)\MiKTeX 2.9\tex\latex\amsfonts\amsfonts.sty"
Package: amsfonts 2009/06/22 v3.00 Basic AMSFonts support
\symAMSa=\mathgroup4
\symAMSb=\mathgroup5
LaTeX Font Info:    Overwriting math alphabet `\mathfrak' in version `bold'
(Font)                  U/euf/m/n --> U/euf/b/n on input line 96.
)
("C:\Program Files (x86)\MiKTeX 2.9\tex\latex\amsfonts\amssymb.sty"
Package: amssymb 2009/06/22 v3.00
)
("C:\Program Files (x86)\MiKTeX 2.9\tex\latex\float\float.sty"
Package: float 2001/11/08 v1.3d Float enhancements (AL)
\c@float@type=\count99
\float@exts=\toks19
\float@box=\box28
\@float@everytoks=\toks20
\@floatcapt=\box29
)
("C:\Program Files (x86)\MiKTeX 2.9\tex\latex\base\inputenc.sty"
Package: inputenc 2008/03/30 v1.1d Input encoding file
\inpenc@prehook=\toks21
\inpenc@posthook=\toks22

("C:\Program Files (x86)\MiKTeX 2.9\tex\latex\base\utf8.def"
File: utf8.def 2008/04/05 v1.1m UTF-8 support for inputenc
Now handling font encoding OML ...
... no UTF-8 mapping file for font encoding OML
Now handling font encoding T1 ...
... processing UTF-8 mapping file for font encoding T1

("C:\Program Files (x86)\MiKTeX 2.9\tex\latex\base\t1enc.dfu"
File: t1enc.dfu 2008/04/05 v1.1m UTF-8 support for inputenc
   defining Unicode char U+00A1 (decimal 161)
   defining Unicode char U+00A3 (decimal 163)
   defining Unicode char U+00AB (decimal 171)
   defining Unicode char U+00BB (decimal 187)
   defining Unicode char U+00BF (decimal 191)
   defining Unicode char U+00C0 (decimal 192)
   defining Unicode char U+00C1 (decimal 193)
   defining Unicode char U+00C2 (decimal 194)
   defining Unicode char U+00C3 (decimal 195)
   defining Unicode char U+00C4 (decimal 196)
   defining Unicode char U+00C5 (decimal 197)
   defining Unicode char U+00C6 (decimal 198)
   defining Unicode char U+00C7 (decimal 199)
   defining Unicode char U+00C8 (decimal 200)
   defining Unicode char U+00C9 (decimal 201)
   defining Unicode char U+00CA (decimal 202)
   defining Unicode char U+00CB (decimal 203)
   defining Unicode char U+00CC (decimal 204)
   defining Unicode char U+00CD (decimal 205)
   defining Unicode char U+00CE (decimal 206)
   defining Unicode char U+00CF (decimal 207)
   defining Unicode char U+00D0 (decimal 208)
   defining Unicode char U+00D1 (decimal 209)
   defining Unicode char U+00D2 (decimal 210)
   defining Unicode char U+00D3 (decimal 211)
   defining Unicode char U+00D4 (decimal 212)
   defining Unicode char U+00D5 (decimal 213)
   defining Unicode char U+00D6 (decimal 214)
   defining Unicode char U+00D8 (decimal 216)
   defining Unicode char U+00D9 (decimal 217)
   defining Unicode char U+00DA (decimal 218)
   defining Unicode char U+00DB (decimal 219)
   defining Unicode char U+00DC (decimal 220)
   defining Unicode char U+00DD (decimal 221)
   defining Unicode char U+00DE (decimal 222)
   defining Unicode char U+00DF (decimal 223)
   defining Unicode char U+00E0 (decimal 224)
   defining Unicode char U+00E1 (decimal 225)
   defining Unicode char U+00E2 (decimal 226)
   defining Unicode char U+00E3 (decimal 227)
   defining Unicode char U+00E4 (decimal 228)
   defining Unicode char U+00E5 (decimal 229)
   defining Unicode char U+00E6 (decimal 230)
   defining Unicode char U+00E7 (decimal 231)
   defining Unicode char U+00E8 (decimal 232)
   defining Unicode char U+00E9 (decimal 233)
   defining Unicode char U+00EA (decimal 234)
   defining Unicode char U+00EB (decimal 235)
   defining Unicode char U+00EC (decimal 236)
   defining Unicode char U+00ED (decimal 237)
   defining Unicode char U+00EE (decimal 238)
   defining Unicode char U+00EF (decimal 239)
   defining Unicode char U+00F0 (decimal 240)
   defining Unicode char U+00F1 (decimal 241)
   defining Unicode char U+00F2 (decimal 242)
   defining Unicode char U+00F3 (decimal 243)
   defining Unicode char U+00F4 (decimal 244)
   defining Unicode char U+00F5 (decimal 245)
   defining Unicode char U+00F6 (decimal 246)
   defining Unicode char U+00F8 (decimal 248)
   defining Unicode char U+00F9 (decimal 249)
   defining Unicode char U+00FA (decimal 250)
   defining Unicode char U+00FB (decimal 251)
   defining Unicode char U+00FC (decimal 252)
   defining Unicode char U+00FD (decimal 253)
   defining Unicode char U+00FE (decimal 254)
   defining Unicode char U+00FF (decimal 255)
   defining Unicode char U+0102 (decimal 258)
   defining Unicode char U+0103 (decimal 259)
   defining Unicode char U+0104 (decimal 260)
   defining Unicode char U+0105 (decimal 261)
   defining Unicode char U+0106 (decimal 262)
   defining Unicode char U+0107 (decimal 263)
   defining Unicode char U+010C (decimal 268)
   defining Unicode char U+010D (decimal 269)
   defining Unicode char U+010E (decimal 270)
   defining Unicode char U+010F (decimal 271)
   defining Unicode char U+0110 (decimal 272)
   defining Unicode char U+0111 (decimal 273)
   defining Unicode char U+0118 (decimal 280)
   defining Unicode char U+0119 (decimal 281)
   defining Unicode char U+011A (decimal 282)
   defining Unicode char U+011B (decimal 283)
   defining Unicode char U+011E (decimal 286)
   defining Unicode char U+011F (decimal 287)
   defining Unicode char U+0130 (decimal 304)
   defining Unicode char U+0131 (decimal 305)
   defining Unicode char U+0132 (decimal 306)
   defining Unicode char U+0133 (decimal 307)
   defining Unicode char U+0139 (decimal 313)
   defining Unicode char U+013A (decimal 314)
   defining Unicode char U+013D (decimal 317)
   defining Unicode char U+013E (decimal 318)
   defining Unicode char U+0141 (decimal 321)
   defining Unicode char U+0142 (decimal 322)
   defining Unicode char U+0143 (decimal 323)
   defining Unicode char U+0144 (decimal 324)
   defining Unicode char U+0147 (decimal 327)
   defining Unicode char U+0148 (decimal 328)
   defining Unicode char U+014A (decimal 330)
   defining Unicode char U+014B (decimal 331)
   defining Unicode char U+0150 (decimal 336)
   defining Unicode char U+0151 (decimal 337)
   defining Unicode char U+0152 (decimal 338)
   defining Unicode char U+0153 (decimal 339)
   defining Unicode char U+0154 (decimal 340)
   defining Unicode char U+0155 (decimal 341)
   defining Unicode char U+0158 (decimal 344)
   defining Unicode char U+0159 (decimal 345)
   defining Unicode char U+015A (decimal 346)
   defining Unicode char U+015B (decimal 347)
   defining Unicode char U+015E (decimal 350)
   defining Unicode char U+015F (decimal 351)
   defining Unicode char U+0160 (decimal 352)
   defining Unicode char U+0161 (decimal 353)
   defining Unicode char U+0162 (decimal 354)
   defining Unicode char U+0163 (decimal 355)
   defining Unicode char U+0164 (decimal 356)
   defining Unicode char U+0165 (decimal 357)
   defining Unicode char U+016E (decimal 366)
   defining Unicode char U+016F (decimal 367)
   defining Unicode char U+0170 (decimal 368)
   defining Unicode char U+0171 (decimal 369)
   defining Unicode char U+0178 (decimal 376)
   defining Unicode char U+0179 (decimal 377)
   defining Unicode char U+017A (decimal 378)
   defining Unicode char U+017B (decimal 379)
   defining Unicode char U+017C (decimal 380)
   defining Unicode char U+017D (decimal 381)
   defining Unicode char U+017E (decimal 382)
   defining Unicode char U+200C (decimal 8204)
   defining Unicode char U+2013 (decimal 8211)
   defining Unicode char U+2014 (decimal 8212)
   defining Unicode char U+2018 (decimal 8216)
   defining Unicode char U+2019 (decimal 8217)
   defining Unicode char U+201A (decimal 8218)
   defining Unicode char U+201C (decimal 8220)
   defining Unicode char U+201D (decimal 8221)
   defining Unicode char U+201E (decimal 8222)
   defining Unicode char U+2030 (decimal 8240)
   defining Unicode char U+2031 (decimal 8241)
   defining Unicode char U+2039 (decimal 8249)
   defining Unicode char U+203A (decimal 8250)
   defining Unicode char U+2423 (decimal 9251)
)
Now handling font encoding OT1 ...
... processing UTF-8 mapping file for font encoding OT1

("C:\Program Files (x86)\MiKTeX 2.9\tex\latex\base\ot1enc.dfu"
File: ot1enc.dfu 2008/04/05 v1.1m UTF-8 support for inputenc
   defining Unicode char U+00A1 (decimal 161)
   defining Unicode char U+00A3 (decimal 163)
   defining Unicode char U+00B8 (decimal 184)
   defining Unicode char U+00BF (decimal 191)
   defining Unicode char U+00C5 (decimal 197)
   defining Unicode char U+00C6 (decimal 198)
   defining Unicode char U+00D8 (decimal 216)
   defining Unicode char U+00DF (decimal 223)
   defining Unicode char U+00E6 (decimal 230)
   defining Unicode char U+00EC (decimal 236)
   defining Unicode char U+00ED (decimal 237)
   defining Unicode char U+00EE (decimal 238)
   defining Unicode char U+00EF (decimal 239)
   defining Unicode char U+00F8 (decimal 248)
   defining Unicode char U+0131 (decimal 305)
   defining Unicode char U+0141 (decimal 321)
   defining Unicode char U+0142 (decimal 322)
   defining Unicode char U+0152 (decimal 338)
   defining Unicode char U+0153 (decimal 339)
   defining Unicode char U+2013 (decimal 8211)
   defining Unicode char U+2014 (decimal 8212)
   defining Unicode char U+2018 (decimal 8216)
   defining Unicode char U+2019 (decimal 8217)
   defining Unicode char U+201C (decimal 8220)
   defining Unicode char U+201D (decimal 8221)
)
Now handling font encoding OMS ...
... processing UTF-8 mapping file for font encoding OMS

("C:\Program Files (x86)\MiKTeX 2.9\tex\latex\base\omsenc.dfu"
File: omsenc.dfu 2008/04/05 v1.1m UTF-8 support for inputenc
   defining Unicode char U+00A7 (decimal 167)
   defining Unicode char U+00B6 (decimal 182)
   defining Unicode char U+00B7 (decimal 183)
   defining Unicode char U+2020 (decimal 8224)
   defining Unicode char U+2021 (decimal 8225)
   defining Unicode char U+2022 (decimal 8226)
)
Now handling font encoding OMX ...
... no UTF-8 mapping file for font encoding OMX
Now handling font encoding U ...
... no UTF-8 mapping file for font encoding U
   defining Unicode char U+00A9 (decimal 169)
   defining Unicode char U+00AA (decimal 170)
   defining Unicode char U+00AE (decimal 174)
   defining Unicode char U+00BA (decimal 186)
   defining Unicode char U+02C6 (decimal 710)
   defining Unicode char U+02DC (decimal 732)
   defining Unicode char U+200C (decimal 8204)
   defining Unicode char U+2026 (decimal 8230)
   defining Unicode char U+2122 (decimal 8482)
   defining Unicode char U+2423 (decimal 9251)
))
("C:\Program Files (x86)\MiKTeX 2.9\tex\latex\base\fontenc.sty"
Package: fontenc 2005/09/27 v1.99g Standard LaTeX package

("C:\Program Files (x86)\MiKTeX 2.9\tex\latex\base\t1enc.def"
File: t1enc.def 2005/09/27 v1.99g Standard LaTeX file
LaTeX Font Info:    Redeclaring font encoding T1 on input line 43.
))
("C:\Program Files (x86)\MiKTeX 2.9\tex\latex\framed\framed.sty"
Package: framed 2011/10/22 v 0.96: framed or shaded text with page breaks
\OuterFrameSep=\skip46
\fb@frw=\dimen112
\fb@frh=\dimen113
\FrameRule=\dimen114
\FrameSep=\dimen115
)
("C:\Program Files (x86)\MiKTeX 2.9\tex\latex\graphics\graphicx.sty"
Package: graphicx 1999/02/16 v1.0f Enhanced LaTeX Graphics (DPC,SPQR)

("C:\Program Files (x86)\MiKTeX 2.9\tex\latex\graphics\keyval.sty"
Package: keyval 1999/03/16 v1.13 key=value parser (DPC)
\KV@toks@=\toks23
)
("C:\Program Files (x86)\MiKTeX 2.9\tex\latex\graphics\graphics.sty"
Package: graphics 2009/02/05 v1.0o Standard LaTeX Graphics (DPC,SPQR)

("C:\Program Files (x86)\MiKTeX 2.9\tex\latex\graphics\trig.sty"
Package: trig 1999/03/16 v1.09 sin cos tan (DPC)
)
("C:\Program Files (x86)\MiKTeX 2.9\tex\latex\00miktex\graphics.cfg"
File: graphics.cfg 2007/01/18 v1.5 graphics configuration of teTeX/TeXLive
)
Package graphics Info: Driver file: pdftex.def on input line 91.

("C:\Program Files (x86)\MiKTeX 2.9\tex\latex\pdftex-def\pdftex.def"
File: pdftex.def 2011/05/27 v0.06d Graphics/color for pdfTeX

("C:\Program Files (x86)\MiKTeX 2.9\tex\generic\oberdiek\infwarerr.sty"
Package: infwarerr 2010/04/08 v1.3 Providing info/warning/error messages (HO)
)
("C:\Program Files (x86)\MiKTeX 2.9\tex\generic\oberdiek\ltxcmds.sty"
Package: ltxcmds 2011/11/09 v1.22 LaTeX kernel commands for general use (HO)
)
\Gread@gobject=\count100
))
\Gin@req@height=\dimen116
\Gin@req@width=\dimen117
)
("C:\Program Files (x86)\MiKTeX 2.9\tex\latex\caption\caption.sty"
Package: caption 2012/02/19 v3.2f Customizing captions (AR)

("C:\Program Files (x86)\MiKTeX 2.9\tex\latex\caption\caption3.sty"
Package: caption3 2012/01/12 v1.4b caption3 kernel (AR)
\captionmargin=\dimen118
\captionmargin@=\dimen119
\captionwidth=\dimen120
\caption@indent=\dimen121
\caption@parindent=\dimen122
\caption@hangindent=\dimen123
)
\c@ContinuedFloat=\count101
Package caption Info: float package is loaded.
)
("C:\Program Files (x86)\MiKTeX 2.9\tex\latex\caption\subcaption.sty"
Package: subcaption 2012/01/12 v1.1d Sub-captions (AR)
\c@subfigure=\count102
\c@subtable=\count103
)
("C:\Program Files (x86)\MiKTeX 2.9\tex\latex\wrapfig\wrapfig.sty"
\wrapoverhang=\dimen124
\WF@size=\dimen125
\c@WF@wrappedlines=\count104
\WF@box=\box30
\WF@everypar=\toks24
Package: wrapfig 2003/01/31  v 3.6
)
("C:\Program Files (x86)\MiKTeX 2.9\tex\latex\geometry\geometry.sty"
Package: geometry 2010/09/12 v5.6 Page Geometry

("C:\Program Files (x86)\MiKTeX 2.9\tex\generic\oberdiek\ifpdf.sty"
Package: ifpdf 2011/01/30 v2.3 Provides the ifpdf switch (HO)
Package ifpdf Info: pdfTeX in PDF mode is detected.
)
("C:\Program Files (x86)\MiKTeX 2.9\tex\generic\oberdiek\ifvtex.sty"
Package: ifvtex 2010/03/01 v1.5 Detect VTeX and its facilities (HO)
Package ifvtex Info: VTeX not detected.
)
("C:\Program Files (x86)\MiKTeX 2.9\tex\generic\ifxetex\ifxetex.sty"
Package: ifxetex 2010/09/12 v0.6 Provides ifxetex conditional
)
\Gm@cnth=\count105
\Gm@cntv=\count106
\c@Gm@tempcnt=\count107
\Gm@bindingoffset=\dimen126
\Gm@wd@mp=\dimen127
\Gm@odd@mp=\dimen128
\Gm@even@mp=\dimen129
\Gm@layoutwidth=\dimen130
\Gm@layoutheight=\dimen131
\Gm@layouthoffset=\dimen132
\Gm@layoutvoffset=\dimen133
\Gm@dimlist=\toks25

("C:\Program Files (x86)\MiKTeX 2.9\tex\latex\geometry\geometry.cfg"))
("C:\Program Files (x86)\MiKTeX 2.9\tex\latex\preprint\fullpage.sty"
Package: fullpage 1999/02/23 1.1 (PWD)
\FP@margin=\skip47
)
("C:\Program Files (x86)\MiKTeX 2.9\tex\latex\rotating\rotating.sty"
Package: rotating 2009/03/28 v2.16a rotated objects in LaTeX

("C:\Program Files (x86)\MiKTeX 2.9\tex\latex\base\ifthen.sty"
Package: ifthen 2001/05/26 v1.1c Standard LaTeX ifthen package (DPC)
)
\c@r@tfl@t=\count108
\rotFPtop=\skip48
\rotFPbot=\skip49
\rot@float@box=\box31
\rot@mess@toks=\toks26
)
("C:\Program Files (x86)\MiKTeX 2.9\tex\latex\multirow\multirow.sty"
\bigstrutjot=\dimen134
)
\leftbarwidth=\skip50
\leftbarsep=\skip51
\leftbarmargin=\skip52
\defaultparindent=\skip53
)
("C:\Users\Anthony\Documents\Cours ESISAR\5A EPFL\TP Elec\LabElec\Init_HF\HFdra
ft.aux")
LaTeX Font Info:    Checking defaults for OML/cmm/m/it on input line 11.
LaTeX Font Info:    ... okay on input line 11.
LaTeX Font Info:    Checking defaults for T1/cmr/m/n on input line 11.
LaTeX Font Info:    ... okay on input line 11.
LaTeX Font Info:    Checking defaults for OT1/cmr/m/n on input line 11.
LaTeX Font Info:    ... okay on input line 11.
LaTeX Font Info:    Checking defaults for OMS/cmsy/m/n on input line 11.
LaTeX Font Info:    ... okay on input line 11.
LaTeX Font Info:    Checking defaults for OMX/cmex/m/n on input line 11.
LaTeX Font Info:    ... okay on input line 11.
LaTeX Font Info:    Checking defaults for U/cmr/m/n on input line 11.
LaTeX Font Info:    ... okay on input line 11.
 ("C:\Program Files (x86)\MiKTeX 2.9\tex\context\base\supp-pdf.mkii"
[Loading MPS to PDF converter (version 2006.09.02).]
\scratchcounter=\count109
\scratchdimen=\dimen135
\scratchbox=\box32
\nofMPsegments=\count110
\nofMParguments=\count111
\everyMPshowfont=\toks27
\MPscratchCnt=\count112
\MPscratchDim=\dimen136
\MPnumerator=\count113
\makeMPintoPDFobject=\count114
\everyMPtoPDFconversion=\toks28
)
Package caption Info: Begin \AtBeginDocument code.
Package caption Info: rotating package is loaded.
Package caption Info: wrapfig package is loaded.
Package caption Info: End \AtBeginDocument code.

*geometry* driver: auto-detecting
*geometry* detected driver: pdftex
*geometry* verbose mode - [ preamble ] result:
* driver: pdftex
* paper: <default>
* layout: <same size as paper>
* layoutoffset:(h,v)=(0.0pt,0.0pt)
* modes: 
* h-part:(L,W,R)=(92.14519pt, 430.00462pt, 92.14519pt)
* v-part:(T,H,B)=(95.39737pt, 556.47656pt, 143.09605pt)
* \paperwidth=614.295pt
* \paperheight=794.96999pt
* \textwidth=483.69684pt
* \textheight=654.41338pt
* \oddsidemargin=0.0pt
* \evensidemargin=0.0pt
* \topmargin=-28.45274pt
* \headheight=0.0pt
* \headsep=10.0pt
* \topskip=10.0pt
* \footskip=27.0pt
* \marginparwidth=54.0pt
* \marginparsep=7.0pt
* \columnsep=10.0pt
* \skip\footins=9.0pt plus 4.0pt minus 2.0pt
* \hoffset=0.0pt
* \voffset=0.0pt
* \mag=1000
* \@twocolumnfalse
* \@twosidefalse
* \@mparswitchfalse
* \@reversemarginfalse
* (1in=72.27pt=25.4mm, 1cm=28.453pt)


LaTeX Font Warning: Font shape `T1/cmr/m/n' in size <20> not available
(Font)              size <20.74> substituted on input line 13.


LaTeX Font Warning: Font shape `T1/cmr/bx/n' in size <20> not available
(Font)              size <20.74> substituted on input line 13.

<./Images/LC2circuits.png, id=1, 1273.75874pt x 390.70969pt>
File: ./Images/LC2circuits.png Graphic file (type png)

<use ./Images/LC2circuits.png>
Package pdftex.def Info: ./Images/LC2circuits.png used on input line 37.
(pdftex.def)             Requested size: 338.5863pt x 103.85353pt.

Underfull \hbox (badness 10000) in paragraph at lines 47--48

 []

<./Images/capa_divider.png, id=3, 919.93687pt x 222.07968pt>
File: ./Images/capa_divider.png Graphic file (type png)

<use ./Images/capa_divider.png>
Package pdftex.def Info: ./Images/capa_divider.png used on input line 53.
(pdftex.def)             Requested size: 338.5863pt x 81.73782pt.
LaTeX Font Info:    Try loading font information for U+msa on input line 58.

("C:\Program Files (x86)\MiKTeX 2.9\tex\latex\amsfonts\umsa.fd"
File: umsa.fd 2009/06/22 v3.00 AMS symbols A
)
LaTeX Font Info:    Try loading font information for U+msb on input line 58.

("C:\Program Files (x86)\MiKTeX 2.9\tex\latex\amsfonts\umsb.fd"
File: umsb.fd 2009/06/22 v3.00 AMS symbols B
) [1

{C:/ProgramData/MiKTeX/2.9/pdftex/config/pdftex.map} <C:/Users/Anthony/Document
s/Cours ESISAR/5A EPFL/TP Elec/LabElec/Init_HF/Images/LC2circuits.png> <C:/User
s/Anthony/Documents/Cours ESISAR/5A EPFL/TP Elec/LabElec/Init_HF/Images/capa_di
vider.png>]
Underfull \hbox (badness 10000) in paragraph at lines 65--66

 []


Underfull \hbox (badness 10000) in paragraph at lines 70--71

 []

<./Images/coupling_effect.png, id=18, 767.11594pt x 411.78844pt>
File: ./Images/coupling_effect.png Graphic file (type png)

<use ./Images/coupling_effect.png>
Package pdftex.def Info: ./Images/coupling_effect.png used on input line 78.
(pdftex.def)             Requested size: 193.47577pt x 103.85794pt.

Underfull \hbox (badness 10000) in paragraph at lines 84--85

 []


Underfull \hbox (badness 10000) in paragraph at lines 100--101

 []


Underfull \hbox (badness 10000) in paragraph at lines 106--107

 []


Underfull \hbox (badness 10000) in paragraph at lines 111--112

 []


Underfull \hbox (badness 10000) in paragraph at lines 118--119

 []

[2 <C:/Users/Anthony/Documents/Cours ESISAR/5A EPFL/TP Elec/LabElec/Init_HF/Ima
ges/coupling_effect.png>]
Underfull \hbox (badness 10000) in paragraph at lines 137--138

 []

<./Images/1MHz_100MHz.jpg, id=30, 3276.24pt x 2457.18pt>
File: ./Images/1MHz_100MHz.jpg Graphic file (type jpg)

<use ./Images/1MHz_100MHz.jpg>
Package pdftex.def Info: ./Images/1MHz_100MHz.jpg used on input line 145.
(pdftex.def)             Requested size: 241.84842pt x 181.35605pt.

Underfull \hbox (badness 10000) in paragraph at lines 152--153

 []

<./Images/souscouple.jpg, id=31, 3276.24pt x 2457.18pt>
File: ./Images/souscouple.jpg Graphic file (type jpg)

<use ./Images/souscouple.jpg>
Package pdftex.def Info: ./Images/souscouple.jpg used on input line 160.
(pdftex.def)             Requested size: 207.98608pt x 155.97295pt.

<./Images/surcouple.jpg, id=32, 3276.24pt x 2457.18pt>
File: ./Images/surcouple.jpg Graphic file (type jpg)

<use ./Images/surcouple.jpg>
Package pdftex.def Info: ./Images/surcouple.jpg used on input line 166.
(pdftex.def)             Requested size: 207.98608pt x 155.97295pt.


LaTeX Warning: `h' float specifier changed to `ht'.

<./Images/bande_2MHz_bienregle.jpg, id=33, 3276.24pt x 2457.18pt>
File: ./Images/bande_2MHz_bienregle.jpg Graphic file (type jpg)

<use ./Images/bande_2MHz_bienregle.jpg>
Package pdftex.def Info: ./Images/bande_2MHz_bienregle.jpg used on input line 1
79.
(pdftex.def)             Requested size: 207.98608pt x 155.97295pt.

<./Images/phase_bienregle.jpg, id=34, 3276.24pt x 2457.18pt>
File: ./Images/phase_bienregle.jpg Graphic file (type jpg)

<use ./Images/phase_bienregle.jpg>
Package pdftex.def Info: ./Images/phase_bienregle.jpg used on input line 185.
(pdftex.def)             Requested size: 207.98608pt x 155.97295pt.


LaTeX Warning: `h' float specifier changed to `ht'.


Underfull \hbox (badness 10000) in paragraph at lines 194--195

 []

[3 <C:/Users/Anthony/Documents/Cours ESISAR/5A EPFL/TP Elec/LabElec/Init_HF/Ima
ges/1MHz_100MHz.jpg>] <./Images/schem6.jpg, id=38, 518.93875pt x 361.35pt>
File: ./Images/schem6.jpg Graphic file (type jpg)

<use ./Images/schem6.jpg>
Package pdftex.def Info: ./Images/schem6.jpg used on input line 213.
(pdftex.def)             Requested size: 338.5863pt x 235.77898pt.


LaTeX Warning: `!h' float specifier changed to `!ht'.


Underfull \hbox (badness 10000) in paragraph at lines 221--222

 []


Underfull \hbox (badness 10000) in paragraph at lines 225--226

 []

[4 <C:/Users/Anthony/Documents/Cours ESISAR/5A EPFL/TP Elec/LabElec/Init_HF/Ima
ges/souscouple.jpg> <C:/Users/Anthony/Documents/Cours ESISAR/5A EPFL/TP Elec/La
bElec/Init_HF/Images/surcouple.jpg> <C:/Users/Anthony/Documents/Cours ESISAR/5A
 EPFL/TP Elec/LabElec/Init_HF/Images/bande_2MHz_bienregle.jpg> <C:/Users/Anthon
y/Documents/Cours ESISAR/5A EPFL/TP Elec/LabElec/Init_HF/Images/phase_bienregle
.jpg>]
Underfull \hbox (badness 10000) in paragraph at lines 235--236

 []


Underfull \hbox (badness 10000) in paragraph at lines 244--245

 []


Underfull \hbox (badness 10000) in paragraph at lines 262--263

 []

<./Images/eqFet.png, id=43, 904.88063pt x 142.28156pt>
File: ./Images/eqFet.png Graphic file (type png)

<use ./Images/eqFet.png>
Package pdftex.def Info: ./Images/eqFet.png used on input line 268.
(pdftex.def)             Requested size: 386.95894pt x 60.84335pt.


LaTeX Warning: `h' float specifier changed to `ht'.

[5 <C:/Users/Anthony/Documents/Cours ESISAR/5A EPFL/TP Elec/LabElec/Init_HF/Ima
ges/schem6.jpg>]
Underfull \hbox (badness 10000) in paragraph at lines 281--282

 []

<./Images/6_3_3_reponse_ampli_loglog_.png, id=47, 3276.24pt x 2457.18pt>
File: ./Images/6_3_3_reponse_ampli_loglog_.png Graphic file (type png)

<use ./Images/6_3_3_reponse_ampli_loglog_.png>
Package pdftex.def Info: ./Images/6_3_3_reponse_ampli_loglog_.png used on input
 line 287.
(pdftex.def)             Requested size: 241.84842pt x 181.35605pt.

Underfull \hbox (badness 10000) in paragraph at lines 297--298

 []


Underfull \hbox (badness 10000) in paragraph at lines 305--306

 []

<./Images/6_3_2_2MHz_0dbm.jpg, id=48, 3276.24pt x 2457.18pt>
File: ./Images/6_3_2_2MHz_0dbm.jpg Graphic file (type jpg)

<use ./Images/6_3_2_2MHz_0dbm.jpg>
Package pdftex.def Info: ./Images/6_3_2_2MHz_0dbm.jpg used on input line 316.
(pdftex.def)             Requested size: 207.98608pt x 155.97295pt.

<./Images/6_3_2_2MHz_10dbm.jpg, id=49, 3276.24pt x 2457.18pt>
File: ./Images/6_3_2_2MHz_10dbm.jpg Graphic file (type jpg)

<use ./Images/6_3_2_2MHz_10dbm.jpg>
Package pdftex.def Info: ./Images/6_3_2_2MHz_10dbm.jpg used on input line 323.
(pdftex.def)             Requested size: 207.98608pt x 155.97295pt.


LaTeX Warning: `h' float specifier changed to `ht'.


Underfull \hbox (badness 10000) in paragraph at lines 332--333

 []

[6 <C:/Users/Anthony/Documents/Cours ESISAR/5A EPFL/TP Elec/LabElec/Init_HF/Ima
ges/eqFet.png> <C:/Users/Anthony/Documents/Cours ESISAR/5A EPFL/TP Elec/LabElec
/Init_HF/Images/6_3_3_reponse_ampli_loglog_.png>]
Underfull \hbox (badness 10000) in paragraph at lines 338--339

 []

<./Images/eq_double_ton.png, id=55, 650.43pt x 135.50626pt>
File: ./Images/eq_double_ton.png Graphic file (type png)

<use ./Images/eq_double_ton.png>
Package pdftex.def Info: ./Images/eq_double_ton.png used on input line 344.
(pdftex.def)             Requested size: 241.84842pt x 50.38463pt.

<./Images/6_3_6_0dbm.jpg, id=56, 3276.24pt x 2457.18pt>
File: ./Images/6_3_6_0dbm.jpg Graphic file (type jpg)

<use ./Images/6_3_6_0dbm.jpg>
Package pdftex.def Info: ./Images/6_3_6_0dbm.jpg used on input line 356.
(pdftex.def)             Requested size: 207.98608pt x 155.97295pt.

<./Images/6_3_6_11x5dbm.jpg, id=57, 3276.24pt x 2457.18pt>
File: ./Images/6_3_6_11x5dbm.jpg Graphic file (type jpg)

<use ./Images/6_3_6_11x5dbm.jpg>
Package pdftex.def Info: ./Images/6_3_6_11x5dbm.jpg used on input line 362.
(pdftex.def)             Requested size: 207.98608pt x 155.97295pt.


LaTeX Warning: `h' float specifier changed to `ht'.

<./Images/shema_oscillateur.png, id=58, 327.47343pt x 268.75406pt>
File: ./Images/shema_oscillateur.png Graphic file (type png)

<use ./Images/shema_oscillateur.png>
Package pdftex.def Info: ./Images/shema_oscillateur.png used on input line 395.

(pdftex.def)             Requested size: 338.5863pt x 277.87369pt.
 [7 <C:/Users/Anthony/Documents/Cours ESISAR/5A EPFL/TP Elec/LabElec/Init_HF/Im
ages/6_3_2_2MHz_0dbm.jpg> <C:/Users/Anthony/Documents/Cours ESISAR/5A EPFL/TP E
lec/LabElec/Init_HF/Images/6_3_2_2MHz_10dbm.jpg> <C:/Users/Anthony/Documents/Co
urs ESISAR/5A EPFL/TP Elec/LabElec/Init_HF/Images/eq_double_ton.png>]

LaTeX Warning: `h' float specifier changed to `ht'.


Underfull \hbox (badness 10000) in paragraph at lines 406--407

 []


<./Images/shema_petit_signaux_oscillateur.png, id=65, 301.8778pt x 247.67531pt>
File: ./Images/shema_petit_signaux_oscillateur.png Graphic file (type png)
<use ./Images/shema_petit_signaux_oscillateur.png>
Package pdftex.def Info: ./Images/shema_petit_signaux_oscillateur.png used on i
nput line 415.
(pdftex.def)             Requested size: 193.47577pt x 158.73462pt.


LaTeX Warning: `h' float specifier changed to `ht'.

<./Images/modele_quartz.png, id=66, 188.20313pt x 135.50626pt>
File: ./Images/modele_quartz.png Graphic file (type png)

<use ./Images/modele_quartz.png>
Package pdftex.def Info: ./Images/modele_quartz.png used on input line 429.
(pdftex.def)             Requested size: 193.47577pt x 139.31245pt.

<./Images/impedence_quartz.png, id=67, 278.54062pt x 165.61874pt>
File: ./Images/impedence_quartz.png Graphic file (type png)

<use ./Images/impedence_quartz.png>
Package pdftex.def Info: ./Images/impedence_quartz.png used on input line 436.
(pdftex.def)             Requested size: 193.47577pt x 115.04277pt.


LaTeX Warning: `h' float specifier changed to `ht'.

[8 <C:/Users/Anthony/Documents/Cours ESISAR/5A EPFL/TP Elec/LabElec/Init_HF/Ima
ges/6_3_6_0dbm.jpg> <C:/Users/Anthony/Documents/Cours ESISAR/5A EPFL/TP Elec/La
bElec/Init_HF/Images/6_3_6_11x5dbm.jpg>]
Underfull \hbox (badness 10000) in paragraph at lines 449--450

 []


Underfull \hbox (badness 10000) in paragraph at lines 455--456

 []


Underfull \hbox (badness 10000) in paragraph at lines 461--462

 []

[9 <C:/Users/Anthony/Documents/Cours ESISAR/5A EPFL/TP Elec/LabElec/Init_HF/Ima
ges/shema_oscillateur.png>]
Underfull \hbox (badness 10000) in paragraph at lines 486--487

 []


Underfull \hbox (badness 10000) in paragraph at lines 492--493

 []

[10 <C:/Users/Anthony/Documents/Cours ESISAR/5A EPFL/TP Elec/LabElec/Init_HF/Im
ages/shema_petit_signaux_oscillateur.png> <C:/Users/Anthony/Documents/Cours ESI
SAR/5A EPFL/TP Elec/LabElec/Init_HF/Images/modele_quartz.png> <C:/Users/Anthony
/Documents/Cours ESISAR/5A EPFL/TP Elec/LabElec/Init_HF/Images/impedence_quartz
.png>]
Underfull \hbox (badness 10000) in paragraph at lines 502--503

 []


Underfull \hbox (badness 10000) in paragraph at lines 509--510

 []

<./Images/7_3_3_spectre9MHz.jpg, id=84, 3276.24pt x 2457.18pt>
File: ./Images/7_3_3_spectre9MHz.jpg Graphic file (type jpg)

<use ./Images/7_3_3_spectre9MHz.jpg>
Package pdftex.def Info: ./Images/7_3_3_spectre9MHz.jpg used on input line 517.

(pdftex.def)             Requested size: 338.5863pt x 253.90598pt.

Underfull \hbox (badness 10000) in paragraph at lines 523--524

 []


Underfull \hbox (badness 10000) in paragraph at lines 530--531

 []

[11 <C:/Users/Anthony/Documents/Cours ESISAR/5A EPFL/TP Elec/LabElec/Init_HF/Im
ages/7_3_3_spectre9MHz.jpg>]
Underfull \hbox (badness 10000) in paragraph at lines 537--538

 []

<./Images/7_3_6_1MHz_100MHz.jpg, id=88, 3276.24pt x 2457.18pt>
File: ./Images/7_3_6_1MHz_100MHz.jpg Graphic file (type jpg)

<use ./Images/7_3_6_1MHz_100MHz.jpg>
Package pdftex.def Info: ./Images/7_3_6_1MHz_100MHz.jpg used on input line 543.

(pdftex.def)             Requested size: 338.5863pt x 253.90598pt.

<./Images/shema_melangeur_gilbert.png, id=89, 394.47375pt x 196.48407pt>
File: ./Images/shema_melangeur_gilbert.png Graphic file (type png)

<use ./Images/shema_melangeur_gilbert.png>
Package pdftex.def Info: ./Images/shema_melangeur_gilbert.png used on input lin
e 586.
(pdftex.def)             Requested size: 290.22105pt x 144.55646pt.

<./Images/shema_interne_ne602.png, id=90, 366.61969pt x 269.50688pt>
File: ./Images/shema_interne_ne602.png Graphic file (type png)

<use ./Images/shema_interne_ne602.png>
Package pdftex.def Info: ./Images/shema_interne_ne602.png used on input line 59
3.
(pdftex.def)             Requested size: 169.29684pt x 124.45169pt.

Underfull \hbox (badness 2903) in paragraph at lines 594--594
[]\T1/cmr/m/n/9 (b) |Schéma in-terne du mul-ti-pli-ca-teur
 []


LaTeX Warning: `h' float specifier changed to `ht'.

[12 <C:/Users/Anthony/Documents/Cours ESISAR/5A EPFL/TP Elec/LabElec/Init_HF/Im
ages/7_3_6_1MHz_100MHz.jpg>]
Underfull \hbox (badness 10000) in paragraph at lines 606--607

 []


Underfull \hbox (badness 10000) in paragraph at lines 612--613

 []


Underfull \hbox (badness 10000) in paragraph at lines 618--619

 []

<./Images/8_3_1.jpg, id=95, 3276.24pt x 2457.18pt>
File: ./Images/8_3_1.jpg Graphic file (type jpg)
 <use ./Images/8_3_1.jpg>
Package pdftex.def Info: ./Images/8_3_1.jpg used on input line 624.
(pdftex.def)             Requested size: 338.5863pt x 253.90598pt.


LaTeX Warning: `h' float specifier changed to `ht'.


Underfull \hbox (badness 10000) in paragraph at lines 632--633

 []


Underfull \hbox (badness 10000) in paragraph at lines 640--641

 []

[13 <C:/Users/Anthony/Documents/Cours ESISAR/5A EPFL/TP Elec/LabElec/Init_HF/Im
ages/shema_melangeur_gilbert.png> <C:/Users/Anthony/Documents/Cours ESISAR/5A E
PFL/TP Elec/LabElec/Init_HF/Images/shema_interne_ne602.png>]
Underfull \hbox (badness 10000) in paragraph at lines 647--648

 []

<./Images/8_3_4-18dbm.jpg, id=101, 3276.24pt x 2457.18pt>
File: ./Images/8_3_4-18dbm.jpg Graphic file (type jpg)

<use ./Images/8_3_4-18dbm.jpg>
Package pdftex.def Info: ./Images/8_3_4-18dbm.jpg used on input line 655.
(pdftex.def)             Requested size: 217.6621pt x 163.24669pt.

<./Images/8_3_4-8dbm.jpg, id=102, 3276.24pt x 2457.18pt>
File: ./Images/8_3_4-8dbm.jpg Graphic file (type jpg)

<use ./Images/8_3_4-8dbm.jpg>
Package pdftex.def Info: ./Images/8_3_4-8dbm.jpg used on input line 662.
(pdftex.def)             Requested size: 217.6621pt x 163.24669pt.


LaTeX Warning: `h' float specifier changed to `ht'.


<./Images/schema_melangeur_doublediode.png, id=103, 374.90062pt x 139.27031pt>
File: ./Images/schema_melangeur_doublediode.png Graphic file (type png)

<use ./Images/schema_melangeur_doublediode.png>
Package pdftex.def Info: ./Images/schema_melangeur_doublediode.png used on inpu
t line 710.
(pdftex.def)             Requested size: 338.5863pt x 125.78625pt.


LaTeX Warning: `!h' float specifier changed to `!ht'.


Underfull \hbox (badness 10000) in paragraph at lines 719--720

 []

[14 <C:/Users/Anthony/Documents/Cours ESISAR/5A EPFL/TP Elec/LabElec/Init_HF/Im
ages/8_3_1.jpg>]
Underfull \hbox (badness 10000) in paragraph at lines 725--726

 []

<./Images/9_3_1.jpg, id=107, 3276.24pt x 2457.18pt>
File: ./Images/9_3_1.jpg Graphic file (type jpg)
 <use ./Images/9_3_1.jpg>
Package pdftex.def Info: ./Images/9_3_1.jpg used on input line 732.
(pdftex.def)             Requested size: 338.5863pt x 253.90598pt.


LaTeX Warning: `!h' float specifier changed to `!ht'.


Underfull \hbox (badness 10000) in paragraph at lines 740--741

 []


Underfull \hbox (badness 10000) in paragraph at lines 747--748

 []

[15 <C:/Users/Anthony/Documents/Cours ESISAR/5A EPFL/TP Elec/LabElec/Init_HF/Im
ages/8_3_4-18dbm.jpg> <C:/Users/Anthony/Documents/Cours ESISAR/5A EPFL/TP Elec/
LabElec/Init_HF/Images/8_3_4-8dbm.jpg> <C:/Users/Anthony/Documents/Cours ESISAR
/5A EPFL/TP Elec/LabElec/Init_HF/Images/schema_melangeur_doublediode.png>]
Underfull \hbox (badness 10000) in paragraph at lines 754--755

 []

<./Images/9_3_4.jpg, id=112, 3276.24pt x 2457.18pt>
File: ./Images/9_3_4.jpg Graphic file (type jpg)
 <use ./Images/9_3_4.jpg>
Package pdftex.def Info: ./Images/9_3_4.jpg used on input line 761.
(pdftex.def)             Requested size: 338.5863pt x 253.90598pt.


LaTeX Warning: `!h' float specifier changed to `!ht'.


Underfull \hbox (badness 10000) in paragraph at lines 788--789

 []

<./Images/9_3_5.jpg, id=113, 3276.24pt x 2457.18pt>
File: ./Images/9_3_5.jpg Graphic file (type jpg)
 <use ./Images/9_3_5.jpg>
Package pdftex.def Info: ./Images/9_3_5.jpg used on input line 795.
(pdftex.def)             Requested size: 338.5863pt x 253.90598pt.


LaTeX Warning: `!h' float specifier changed to `!ht'.


<./Images/schema_melangeur_mosdoublegate.png, id=114, 367.3725pt x 225.09094pt>
File: ./Images/schema_melangeur_mosdoublegate.png Graphic file (type png)
<use ./Images/schema_melangeur_mosdoublegate.png>
Package pdftex.def Info: ./Images/schema_melangeur_mosdoublegate.png used on in
put line 808.
(pdftex.def)             Requested size: 338.5863pt x 207.4674pt.


LaTeX Warning: `!h' float specifier changed to `!ht'.

[16 <C:/Users/Anthony/Documents/Cours ESISAR/5A EPFL/TP Elec/LabElec/Init_HF/Im
ages/9_3_1.jpg>] [17 <C:/Users/Anthony/Documents/Cours ESISAR/5A EPFL/TP Elec/L
abElec/Init_HF/Images/9_3_4.jpg> <C:/Users/Anthony/Documents/Cours ESISAR/5A EP
FL/TP Elec/LabElec/Init_HF/Images/9_3_5.jpg>]
Underfull \hbox (badness 10000) in paragraph at lines 820--821

 []

LaTeX Font Info:    Try loading font information for OMS+cmr on input line 829.

("C:\Program Files (x86)\MiKTeX 2.9\tex\latex\base\omscmr.fd"
File: omscmr.fd 1999/05/25 v2.5h Standard LaTeX font definitions
)
LaTeX Font Info:    Font shape `OMS/cmr/m/n' in size <10> not available
(Font)              Font shape `OMS/cmsy/m/n' tried instead on input line 829.

Underfull \hbox (badness 10000) in paragraph at lines 833--834

 []


Underfull \hbox (badness 10000) in paragraph at lines 839--840

 []

<./Images/10_3_1.jpg, id=121, 3276.24pt x 2457.18pt>
File: ./Images/10_3_1.jpg Graphic file (type jpg)
 <use ./Images/10_3_1.jpg>
Package pdftex.def Info: ./Images/10_3_1.jpg used on input line 845.
(pdftex.def)             Requested size: 338.5863pt x 253.90598pt.


LaTeX Warning: `!h' float specifier changed to `!ht'.


Underfull \hbox (badness 10000) in paragraph at lines 853--854

 []


Underfull \hbox (badness 10000) in paragraph at lines 860--861

 []

[18 <C:/Users/Anthony/Documents/Cours ESISAR/5A EPFL/TP Elec/LabElec/Init_HF/Im
ages/schema_melangeur_mosdoublegate.png>]
Underfull \hbox (badness 10000) in paragraph at lines 866--867

 []

<./Images/10_3_4.jpg, id=126, 3276.24pt x 2457.18pt>
File: ./Images/10_3_4.jpg Graphic file (type jpg)
 <use ./Images/10_3_4.jpg>
Package pdftex.def Info: ./Images/10_3_4.jpg used on input line 872.
(pdftex.def)             Requested size: 338.5863pt x 253.90598pt.

Overfull \hbox (22.11156pt too wide) in paragraph at lines 877--878
[]\T1/cmr/m/n/10 Avec -11.4 dBm pour chaque com-posante en en-trée, on mesure e
n sor-tie du sys-tème le pro-duit d'intermodulation
 []

[19 <C:/Users/Anthony/Documents/Cours ESISAR/5A EPFL/TP Elec/LabElec/Init_HF/Im
ages/10_3_1.jpg> <C:/Users/Anthony/Documents/Cours ESISAR/5A EPFL/TP Elec/LabEl
ec/Init_HF/Images/10_3_4.jpg>]
Underfull \hbox (badness 10000) in paragraph at lines 882--883

 []

<./Images/schema_melangeur_diode.png, id=131, 365.11406pt x 163.3603pt>
File: ./Images/schema_melangeur_diode.png Graphic file (type png)

<use ./Images/schema_melangeur_diode.png>
Package pdftex.def Info: ./Images/schema_melangeur_diode.png used on input line
 915.
(pdftex.def)             Requested size: 338.5863pt x 151.49725pt.

Underfull \hbox (badness 10000) in paragraph at lines 926--927

 []


Underfull \hbox (badness 10000) in paragraph at lines 930--931

 []


Underfull \hbox (badness 10000) in paragraph at lines 936--937

 []

[20 <C:/Users/Anthony/Documents/Cours ESISAR/5A EPFL/TP Elec/LabElec/Init_HF/Im
ages/schema_melangeur_diode.png>]
Underfull \hbox (badness 10000) in paragraph at lines 951--952

 []

<./Images/11_3_1.jpg, id=136, 3276.24pt x 2457.18pt>
File: ./Images/11_3_1.jpg Graphic file (type jpg)
 <use ./Images/11_3_1.jpg>
Package pdftex.def Info: ./Images/11_3_1.jpg used on input line 958.
(pdftex.def)             Requested size: 338.5863pt x 253.90598pt.

Underfull \hbox (badness 10000) in paragraph at lines 966--967

 []


Underfull \hbox (badness 10000) in paragraph at lines 1000--1001

 []


Underfull \hbox (badness 10000) in paragraph at lines 1005--1006

 []

<./Images/11_3_4(2eme_point).jpg, id=137, 3276.24pt x 2457.18pt>
File: ./Images/11_3_4(2eme_point).jpg Graphic file (type jpg)

<use ./Images/11_3_4(2eme_point).jpg>
Package pdftex.def Info: ./Images/11_3_4(2eme_point).jpg used on input line 101
1.
(pdftex.def)             Requested size: 338.5863pt x 253.90598pt.


LaTeX Warning: `!h' float specifier changed to `!ht'.

[21 <C:/Users/Anthony/Documents/Cours ESISAR/5A EPFL/TP Elec/LabElec/Init_HF/Im
ages/11_3_1.jpg>]
Underfull \hbox (badness 10000) in paragraph at lines 1021--1022

 []

<./Images/11_3_5.jpg, id=141, 3276.24pt x 2457.18pt>
File: ./Images/11_3_5.jpg Graphic file (type jpg)
 <use ./Images/11_3_5.jpg>
Package pdftex.def Info: ./Images/11_3_5.jpg used on input line 1027.
(pdftex.def)             Requested size: 338.5863pt x 253.90598pt.


LaTeX Warning: `!h' float specifier changed to `!ht'.


Underfull \hbox (badness 10000) in paragraph at lines 1037--1038

 []


Overfull \hbox (172.05888pt too wide) in paragraph at lines 1041--1059
[][] 
 []

[22 <C:/Users/Anthony/Documents/Cours ESISAR/5A EPFL/TP Elec/LabElec/Init_HF/Im
ages/11_3_4(2eme_point).jpg>]
Underfull \hbox (badness 10000) in paragraph at lines 1067--1068

 []

[23 <C:/Users/Anthony/Documents/Cours ESISAR/5A EPFL/TP Elec/LabElec/Init_HF/Im
ages/11_3_5.jpg>]
("C:\Users\Anthony\Documents\Cours ESISAR\5A EPFL\TP Elec\LabElec\Init_HF\HFdra
ft.aux")

LaTeX Font Warning: Size substitutions with differences
(Font)              up to 0.74pt have occurred.

 ) 
Here is how much of TeX's memory you used:
 4601 strings out of 494045
 66986 string characters out of 3145964
 122691 words of memory out of 3000000
 7763 multiletter control sequences out of 15000+200000
 21285 words of font info for 51 fonts, out of 3000000 for 9000
 715 hyphenation exceptions out of 8191
 38i,8n,38p,798b,454s stack positions out of 5000i,500n,10000p,200000b,50000s
 <C:\Users\Anthony\AppData\Local\MiKTeX\2.9\fonts\pk\ljfour\jknappen\ec\dpi60
0\ecbx1000.pk> <C:\Users\Anthony\AppData\Local\MiKTeX\2.9\fonts\pk\ljfour\jknap
pen\ec\dpi600\ecti0800.pk> <C:\Users\Anthony\AppData\Local\MiKTeX\2.9\fonts\pk\
ljfour\jknappen\ec\dpi600\ecrm0800.pk> <C:\Users\Anthony\AppData\Local\MiKTeX\2
.9\fonts\pk\ljfour\jknappen\ec\dpi600\ecrm0600.pk> <C:\Users\Anthony\AppData\Lo
cal\MiKTeX\2.9\fonts\pk\ljfour\jknappen\ec\dpi600\ecrm0700.pk> <C:\Users\Anthon
y\AppData\Local\MiKTeX\2.9\fonts\pk\ljfour\jknappen\ec\dpi600\ecti1000.pk> <C:\
Users\Anthony\AppData\Local\MiKTeX\2.9\fonts\pk\ljfour\jknappen\ec\dpi600\ecrm0
900.pk> <C:\Users\Anthony\AppData\Local\MiKTeX\2.9\fonts\pk\ljfour\jknappen\ec\
dpi600\ecrm1000.pk> <C:\Users\Anthony\AppData\Local\MiKTeX\2.9\fonts\pk\ljfour\
jknappen\ec\dpi600\ecbx1200.pk> <C:\Users\Anthony\AppData\Local\MiKTeX\2.9\font
s\pk\ljfour\jknappen\ec\dpi600\ecbx1440.pk> <C:\Users\Anthony\AppData\Local\MiK
TeX\2.9\fonts\pk\ljfour\jknappen\ec\dpi600\ecxc1440.pk> <C:\Users\Anthony\AppDa
ta\Local\MiKTeX\2.9\fonts\pk\ljfour\jknappen\ec\dpi600\ecbx2986.pk> <C:\Users\A
nthony\AppData\Local\MiKTeX\2.9\fonts\pk\ljfour\jknappen\ec\dpi600\ecbx2074.pk>
<C:/Program Files (x86)/MiKTeX 2.9/fonts/type1/public/amsfonts/cm/cmex10.pfb><C
:/Program Files (x86)/MiKTeX 2.9/fonts/type1/public/amsfonts/cm/cmmi10.pfb><C:/
Program Files (x86)/MiKTeX 2.9/fonts/type1/public/amsfonts/cm/cmmi5.pfb><C:/Pro
gram Files (x86)/MiKTeX 2.9/fonts/type1/public/amsfonts/cm/cmmi7.pfb><C:/Progra
m Files (x86)/MiKTeX 2.9/fonts/type1/public/amsfonts/cm/cmr10.pfb><C:/Program F
iles (x86)/MiKTeX 2.9/fonts/type1/public/amsfonts/cm/cmr5.pfb><C:/Program Files
 (x86)/MiKTeX 2.9/fonts/type1/public/amsfonts/cm/cmr7.pfb><C:/Program Files (x8
6)/MiKTeX 2.9/fonts/type1/public/amsfonts/cm/cmsy10.pfb><C:/Program Files (x86)
/MiKTeX 2.9/fonts/type1/public/amsfonts/cm/cmsy5.pfb><C:/Program Files (x86)/Mi
KTeX 2.9/fonts/type1/public/amsfonts/cm/cmsy7.pfb><C:/Program Files (x86)/MiKTe
X 2.9/fonts/type1/public/amsfonts/symbols/msbm10.pfb>
Output written on HFdraft.pdf (23 pages, 91177498 bytes).
PDF statistics:
 540 PDF objects out of 1000 (max. 8388607)
 0 named destinations out of 1000 (max. 500000)
 191 words of extra memory for PDF output out of 10000 (max. 10000000)

