This is pdfTeX, Version 3.1415926-2.3-1.40.12 (MiKTeX 2.9) (preloaded format=pdflatex 2012.6.4)  22 DEC 2012 23:12
entering extended mode
**rapport.tex
(D:\EPFL\LabElec\AD_DA\rapport.tex
LaTeX2e <2011/06/27>
Babel <v3.8m> and hyphenation patterns for english, afrikaans, ancientgreek, ar
abic, armenian, assamese, basque, bengali, bokmal, bulgarian, catalan, coptic, 
croatian, czech, danish, dutch, esperanto, estonian, farsi, finnish, french, ga
lician, german, german-x-2009-06-19, greek, gujarati, hindi, hungarian, iceland
ic, indonesian, interlingua, irish, italian, kannada, kurmanji, lao, latin, lat
vian, lithuanian, malayalam, marathi, mongolian, mongolianlmc, monogreek, ngerm
an, ngerman-x-2009-06-19, nynorsk, oriya, panjabi, pinyin, polish, portuguese, 
romanian, russian, sanskrit, serbian, slovak, slovenian, spanish, swedish, swis
sgerman, tamil, telugu, turkish, turkmen, ukenglish, ukrainian, uppersorbian, u
senglishmax, welsh, loaded.
("C:\Program Files\MiKTeX 2.9\tex\latex\base\article.cls"
Document Class: article 2007/10/19 v1.4h Standard LaTeX document class
("C:\Program Files\MiKTeX 2.9\tex\latex\base\size10.clo"
File: size10.clo 2007/10/19 v1.4h Standard LaTeX file (size option)
)
\c@part=\count79
\c@section=\count80
\c@subsection=\count81
\c@subsubsection=\count82
\c@paragraph=\count83
\c@subparagraph=\count84
\c@figure=\count85
\c@table=\count86
\abovecaptionskip=\skip41
\belowcaptionskip=\skip42
\bibindent=\dimen102
)
(D:\EPFL\LabElec\LaTeXconfig.tex
("C:\Program Files\MiKTeX 2.9\tex\latex\ntgclass\a4.sty"
Package: a4 2004/04/15 v1.2g A4 based page layout
)
("C:\Program Files\MiKTeX 2.9\tex\latex\ams\math\amsmath.sty"
Package: amsmath 2000/07/18 v2.13 AMS math features
\@mathmargin=\skip43

For additional information on amsmath, use the `?' option.
("C:\Program Files\MiKTeX 2.9\tex\latex\ams\math\amstext.sty"
Package: amstext 2000/06/29 v2.01

("C:\Program Files\MiKTeX 2.9\tex\latex\ams\math\amsgen.sty"
File: amsgen.sty 1999/11/30 v2.0
\@emptytoks=\toks14
\ex@=\dimen103
))
("C:\Program Files\MiKTeX 2.9\tex\latex\ams\math\amsbsy.sty"
Package: amsbsy 1999/11/29 v1.2d
\pmbraise@=\dimen104
)
("C:\Program Files\MiKTeX 2.9\tex\latex\ams\math\amsopn.sty"
Package: amsopn 1999/12/14 v2.01 operator names
)
\inf@bad=\count87
LaTeX Info: Redefining \frac on input line 211.
\uproot@=\count88
\leftroot@=\count89
LaTeX Info: Redefining \overline on input line 307.
\classnum@=\count90
\DOTSCASE@=\count91
LaTeX Info: Redefining \ldots on input line 379.
LaTeX Info: Redefining \dots on input line 382.
LaTeX Info: Redefining \cdots on input line 467.
\Mathstrutbox@=\box26
\strutbox@=\box27
\big@size=\dimen105
LaTeX Font Info:    Redeclaring font encoding OML on input line 567.
LaTeX Font Info:    Redeclaring font encoding OMS on input line 568.
\macc@depth=\count92
\c@MaxMatrixCols=\count93
\dotsspace@=\muskip10
\c@parentequation=\count94
\dspbrk@lvl=\count95
\tag@help=\toks15
\row@=\count96
\column@=\count97
\maxfields@=\count98
\andhelp@=\toks16
\eqnshift@=\dimen106
\alignsep@=\dimen107
\tagshift@=\dimen108
\tagwidth@=\dimen109
\totwidth@=\dimen110
\lineht@=\dimen111
\@envbody=\toks17
\multlinegap=\skip44
\multlinetaggap=\skip45
\mathdisplay@stack=\toks18
LaTeX Info: Redefining \[ on input line 2666.
LaTeX Info: Redefining \] on input line 2667.
)
("C:\Program Files\MiKTeX 2.9\tex\latex\amsfonts\amsfonts.sty"
Package: amsfonts 2009/06/22 v3.00 Basic AMSFonts support
\symAMSa=\mathgroup4
\symAMSb=\mathgroup5
LaTeX Font Info:    Overwriting math alphabet `\mathfrak' in version `bold'
(Font)                  U/euf/m/n --> U/euf/b/n on input line 96.
)
("C:\Program Files\MiKTeX 2.9\tex\latex\amsfonts\amssymb.sty"
Package: amssymb 2009/06/22 v3.00
)
("C:\Program Files\MiKTeX 2.9\tex\latex\float\float.sty"
Package: float 2001/11/08 v1.3d Float enhancements (AL)
\c@float@type=\count99
\float@exts=\toks19
\float@box=\box28
\@float@everytoks=\toks20
\@floatcapt=\box29
)
("C:\Program Files\MiKTeX 2.9\tex\latex\base\inputenc.sty"
Package: inputenc 2008/03/30 v1.1d Input encoding file
\inpenc@prehook=\toks21
\inpenc@posthook=\toks22

("C:\Program Files\MiKTeX 2.9\tex\latex\base\utf8.def"
File: utf8.def 2008/04/05 v1.1m UTF-8 support for inputenc
Now handling font encoding OML ...
... no UTF-8 mapping file for font encoding OML
Now handling font encoding T1 ...
... processing UTF-8 mapping file for font encoding T1

("C:\Program Files\MiKTeX 2.9\tex\latex\base\t1enc.dfu"
File: t1enc.dfu 2008/04/05 v1.1m UTF-8 support for inputenc
   defining Unicode char U+00A1 (decimal 161)
   defining Unicode char U+00A3 (decimal 163)
   defining Unicode char U+00AB (decimal 171)
   defining Unicode char U+00BB (decimal 187)
   defining Unicode char U+00BF (decimal 191)
   defining Unicode char U+00C0 (decimal 192)
   defining Unicode char U+00C1 (decimal 193)
   defining Unicode char U+00C2 (decimal 194)
   defining Unicode char U+00C3 (decimal 195)
   defining Unicode char U+00C4 (decimal 196)
   defining Unicode char U+00C5 (decimal 197)
   defining Unicode char U+00C6 (decimal 198)
   defining Unicode char U+00C7 (decimal 199)
   defining Unicode char U+00C8 (decimal 200)
   defining Unicode char U+00C9 (decimal 201)
   defining Unicode char U+00CA (decimal 202)
   defining Unicode char U+00CB (decimal 203)
   defining Unicode char U+00CC (decimal 204)
   defining Unicode char U+00CD (decimal 205)
   defining Unicode char U+00CE (decimal 206)
   defining Unicode char U+00CF (decimal 207)
   defining Unicode char U+00D0 (decimal 208)
   defining Unicode char U+00D1 (decimal 209)
   defining Unicode char U+00D2 (decimal 210)
   defining Unicode char U+00D3 (decimal 211)
   defining Unicode char U+00D4 (decimal 212)
   defining Unicode char U+00D5 (decimal 213)
   defining Unicode char U+00D6 (decimal 214)
   defining Unicode char U+00D8 (decimal 216)
   defining Unicode char U+00D9 (decimal 217)
   defining Unicode char U+00DA (decimal 218)
   defining Unicode char U+00DB (decimal 219)
   defining Unicode char U+00DC (decimal 220)
   defining Unicode char U+00DD (decimal 221)
   defining Unicode char U+00DE (decimal 222)
   defining Unicode char U+00DF (decimal 223)
   defining Unicode char U+00E0 (decimal 224)
   defining Unicode char U+00E1 (decimal 225)
   defining Unicode char U+00E2 (decimal 226)
   defining Unicode char U+00E3 (decimal 227)
   defining Unicode char U+00E4 (decimal 228)
   defining Unicode char U+00E5 (decimal 229)
   defining Unicode char U+00E6 (decimal 230)
   defining Unicode char U+00E7 (decimal 231)
   defining Unicode char U+00E8 (decimal 232)
   defining Unicode char U+00E9 (decimal 233)
   defining Unicode char U+00EA (decimal 234)
   defining Unicode char U+00EB (decimal 235)
   defining Unicode char U+00EC (decimal 236)
   defining Unicode char U+00ED (decimal 237)
   defining Unicode char U+00EE (decimal 238)
   defining Unicode char U+00EF (decimal 239)
   defining Unicode char U+00F0 (decimal 240)
   defining Unicode char U+00F1 (decimal 241)
   defining Unicode char U+00F2 (decimal 242)
   defining Unicode char U+00F3 (decimal 243)
   defining Unicode char U+00F4 (decimal 244)
   defining Unicode char U+00F5 (decimal 245)
   defining Unicode char U+00F6 (decimal 246)
   defining Unicode char U+00F8 (decimal 248)
   defining Unicode char U+00F9 (decimal 249)
   defining Unicode char U+00FA (decimal 250)
   defining Unicode char U+00FB (decimal 251)
   defining Unicode char U+00FC (decimal 252)
   defining Unicode char U+00FD (decimal 253)
   defining Unicode char U+00FE (decimal 254)
   defining Unicode char U+00FF (decimal 255)
   defining Unicode char U+0102 (decimal 258)
   defining Unicode char U+0103 (decimal 259)
   defining Unicode char U+0104 (decimal 260)
   defining Unicode char U+0105 (decimal 261)
   defining Unicode char U+0106 (decimal 262)
   defining Unicode char U+0107 (decimal 263)
   defining Unicode char U+010C (decimal 268)
   defining Unicode char U+010D (decimal 269)
   defining Unicode char U+010E (decimal 270)
   defining Unicode char U+010F (decimal 271)
   defining Unicode char U+0110 (decimal 272)
   defining Unicode char U+0111 (decimal 273)
   defining Unicode char U+0118 (decimal 280)
   defining Unicode char U+0119 (decimal 281)
   defining Unicode char U+011A (decimal 282)
   defining Unicode char U+011B (decimal 283)
   defining Unicode char U+011E (decimal 286)
   defining Unicode char U+011F (decimal 287)
   defining Unicode char U+0130 (decimal 304)
   defining Unicode char U+0131 (decimal 305)
   defining Unicode char U+0132 (decimal 306)
   defining Unicode char U+0133 (decimal 307)
   defining Unicode char U+0139 (decimal 313)
   defining Unicode char U+013A (decimal 314)
   defining Unicode char U+013D (decimal 317)
   defining Unicode char U+013E (decimal 318)
   defining Unicode char U+0141 (decimal 321)
   defining Unicode char U+0142 (decimal 322)
   defining Unicode char U+0143 (decimal 323)
   defining Unicode char U+0144 (decimal 324)
   defining Unicode char U+0147 (decimal 327)
   defining Unicode char U+0148 (decimal 328)
   defining Unicode char U+014A (decimal 330)
   defining Unicode char U+014B (decimal 331)
   defining Unicode char U+0150 (decimal 336)
   defining Unicode char U+0151 (decimal 337)
   defining Unicode char U+0152 (decimal 338)
   defining Unicode char U+0153 (decimal 339)
   defining Unicode char U+0154 (decimal 340)
   defining Unicode char U+0155 (decimal 341)
   defining Unicode char U+0158 (decimal 344)
   defining Unicode char U+0159 (decimal 345)
   defining Unicode char U+015A (decimal 346)
   defining Unicode char U+015B (decimal 347)
   defining Unicode char U+015E (decimal 350)
   defining Unicode char U+015F (decimal 351)
   defining Unicode char U+0160 (decimal 352)
   defining Unicode char U+0161 (decimal 353)
   defining Unicode char U+0162 (decimal 354)
   defining Unicode char U+0163 (decimal 355)
   defining Unicode char U+0164 (decimal 356)
   defining Unicode char U+0165 (decimal 357)
   defining Unicode char U+016E (decimal 366)
   defining Unicode char U+016F (decimal 367)
   defining Unicode char U+0170 (decimal 368)
   defining Unicode char U+0171 (decimal 369)
   defining Unicode char U+0178 (decimal 376)
   defining Unicode char U+0179 (decimal 377)
   defining Unicode char U+017A (decimal 378)
   defining Unicode char U+017B (decimal 379)
   defining Unicode char U+017C (decimal 380)
   defining Unicode char U+017D (decimal 381)
   defining Unicode char U+017E (decimal 382)
   defining Unicode char U+200C (decimal 8204)
   defining Unicode char U+2013 (decimal 8211)
   defining Unicode char U+2014 (decimal 8212)
   defining Unicode char U+2018 (decimal 8216)
   defining Unicode char U+2019 (decimal 8217)
   defining Unicode char U+201A (decimal 8218)
   defining Unicode char U+201C (decimal 8220)
   defining Unicode char U+201D (decimal 8221)
   defining Unicode char U+201E (decimal 8222)
   defining Unicode char U+2030 (decimal 8240)
   defining Unicode char U+2031 (decimal 8241)
   defining Unicode char U+2039 (decimal 8249)
   defining Unicode char U+203A (decimal 8250)
   defining Unicode char U+2423 (decimal 9251)
)
Now handling font encoding OT1 ...
... processing UTF-8 mapping file for font encoding OT1

("C:\Program Files\MiKTeX 2.9\tex\latex\base\ot1enc.dfu"
File: ot1enc.dfu 2008/04/05 v1.1m UTF-8 support for inputenc
   defining Unicode char U+00A1 (decimal 161)
   defining Unicode char U+00A3 (decimal 163)
   defining Unicode char U+00B8 (decimal 184)
   defining Unicode char U+00BF (decimal 191)
   defining Unicode char U+00C5 (decimal 197)
   defining Unicode char U+00C6 (decimal 198)
   defining Unicode char U+00D8 (decimal 216)
   defining Unicode char U+00DF (decimal 223)
   defining Unicode char U+00E6 (decimal 230)
   defining Unicode char U+00EC (decimal 236)
   defining Unicode char U+00ED (decimal 237)
   defining Unicode char U+00EE (decimal 238)
   defining Unicode char U+00EF (decimal 239)
   defining Unicode char U+00F8 (decimal 248)
   defining Unicode char U+0131 (decimal 305)
   defining Unicode char U+0141 (decimal 321)
   defining Unicode char U+0142 (decimal 322)
   defining Unicode char U+0152 (decimal 338)
   defining Unicode char U+0153 (decimal 339)
   defining Unicode char U+2013 (decimal 8211)
   defining Unicode char U+2014 (decimal 8212)
   defining Unicode char U+2018 (decimal 8216)
   defining Unicode char U+2019 (decimal 8217)
   defining Unicode char U+201C (decimal 8220)
   defining Unicode char U+201D (decimal 8221)
)
Now handling font encoding OMS ...
... processing UTF-8 mapping file for font encoding OMS

("C:\Program Files\MiKTeX 2.9\tex\latex\base\omsenc.dfu"
File: omsenc.dfu 2008/04/05 v1.1m UTF-8 support for inputenc
   defining Unicode char U+00A7 (decimal 167)
   defining Unicode char U+00B6 (decimal 182)
   defining Unicode char U+00B7 (decimal 183)
   defining Unicode char U+2020 (decimal 8224)
   defining Unicode char U+2021 (decimal 8225)
   defining Unicode char U+2022 (decimal 8226)
)
Now handling font encoding OMX ...
... no UTF-8 mapping file for font encoding OMX
Now handling font encoding U ...
... no UTF-8 mapping file for font encoding U
   defining Unicode char U+00A9 (decimal 169)
   defining Unicode char U+00AA (decimal 170)
   defining Unicode char U+00AE (decimal 174)
   defining Unicode char U+00BA (decimal 186)
   defining Unicode char U+02C6 (decimal 710)
   defining Unicode char U+02DC (decimal 732)
   defining Unicode char U+200C (decimal 8204)
   defining Unicode char U+2026 (decimal 8230)
   defining Unicode char U+2122 (decimal 8482)
   defining Unicode char U+2423 (decimal 9251)
))
("C:\Program Files\MiKTeX 2.9\tex\latex\base\fontenc.sty"
Package: fontenc 2005/09/27 v1.99g Standard LaTeX package

("C:\Program Files\MiKTeX 2.9\tex\latex\base\t1enc.def"
File: t1enc.def 2005/09/27 v1.99g Standard LaTeX file
LaTeX Font Info:    Redeclaring font encoding T1 on input line 43.
))
("C:\Program Files\MiKTeX 2.9\tex\latex\framed\framed.sty"
Package: framed 2011/10/22 v 0.96: framed or shaded text with page breaks
\OuterFrameSep=\skip46
\fb@frw=\dimen112
\fb@frh=\dimen113
\FrameRule=\dimen114
\FrameSep=\dimen115
)
("C:\Program Files\MiKTeX 2.9\tex\latex\graphics\graphicx.sty"
Package: graphicx 1999/02/16 v1.0f Enhanced LaTeX Graphics (DPC,SPQR)

("C:\Program Files\MiKTeX 2.9\tex\latex\graphics\keyval.sty"
Package: keyval 1999/03/16 v1.13 key=value parser (DPC)
\KV@toks@=\toks23
)
("C:\Program Files\MiKTeX 2.9\tex\latex\graphics\graphics.sty"
Package: graphics 2009/02/05 v1.0o Standard LaTeX Graphics (DPC,SPQR)

("C:\Program Files\MiKTeX 2.9\tex\latex\graphics\trig.sty"
Package: trig 1999/03/16 v1.09 sin cos tan (DPC)
)
("C:\Program Files\MiKTeX 2.9\tex\latex\00miktex\graphics.cfg"
File: graphics.cfg 2007/01/18 v1.5 graphics configuration of teTeX/TeXLive
)
Package graphics Info: Driver file: pdftex.def on input line 91.

("C:\Program Files\MiKTeX 2.9\tex\latex\pdftex-def\pdftex.def"
File: pdftex.def 2011/05/27 v0.06d Graphics/color for pdfTeX

("C:\Program Files\MiKTeX 2.9\tex\generic\oberdiek\infwarerr.sty"
Package: infwarerr 2010/04/08 v1.3 Providing info/warning/error messages (HO)
)
("C:\Program Files\MiKTeX 2.9\tex\generic\oberdiek\ltxcmds.sty"
Package: ltxcmds 2011/11/09 v1.22 LaTeX kernel commands for general use (HO)
)
\Gread@gobject=\count100
))
\Gin@req@height=\dimen116
\Gin@req@width=\dimen117
)
("C:\Program Files\MiKTeX 2.9\tex\latex\caption\caption.sty"
Package: caption 2012/02/19 v3.2f Customizing captions (AR)

("C:\Program Files\MiKTeX 2.9\tex\latex\caption\caption3.sty"
Package: caption3 2012/01/12 v1.4b caption3 kernel (AR)
\captionmargin=\dimen118
\captionmargin@=\dimen119
\captionwidth=\dimen120
\caption@indent=\dimen121
\caption@parindent=\dimen122
\caption@hangindent=\dimen123
)
\c@ContinuedFloat=\count101
Package caption Info: float package is loaded.
)
("C:\Program Files\MiKTeX 2.9\tex\latex\caption\subcaption.sty"
Package: subcaption 2012/01/12 v1.1d Sub-captions (AR)
\c@subfigure=\count102
\c@subtable=\count103
)
("C:\Program Files\MiKTeX 2.9\tex\latex\wrapfig\wrapfig.sty"
\wrapoverhang=\dimen124
\WF@size=\dimen125
\c@WF@wrappedlines=\count104
\WF@box=\box30
\WF@everypar=\toks24
Package: wrapfig 2003/01/31  v 3.6
)
("C:\Program Files\MiKTeX 2.9\tex\latex\geometry\geometry.sty"
Package: geometry 2010/09/12 v5.6 Page Geometry

("C:\Program Files\MiKTeX 2.9\tex\generic\oberdiek\ifpdf.sty"
Package: ifpdf 2011/01/30 v2.3 Provides the ifpdf switch (HO)
Package ifpdf Info: pdfTeX in PDF mode is detected.
)
("C:\Program Files\MiKTeX 2.9\tex\generic\oberdiek\ifvtex.sty"
Package: ifvtex 2010/03/01 v1.5 Detect VTeX and its facilities (HO)
Package ifvtex Info: VTeX not detected.
)
("C:\Program Files\MiKTeX 2.9\tex\generic\ifxetex\ifxetex.sty"
Package: ifxetex 2010/09/12 v0.6 Provides ifxetex conditional
)
\Gm@cnth=\count105
\Gm@cntv=\count106
\c@Gm@tempcnt=\count107
\Gm@bindingoffset=\dimen126
\Gm@wd@mp=\dimen127
\Gm@odd@mp=\dimen128
\Gm@even@mp=\dimen129
\Gm@layoutwidth=\dimen130
\Gm@layoutheight=\dimen131
\Gm@layouthoffset=\dimen132
\Gm@layoutvoffset=\dimen133
\Gm@dimlist=\toks25

("C:\Program Files\MiKTeX 2.9\tex\latex\geometry\geometry.cfg"))
("C:\Program Files\MiKTeX 2.9\tex\latex\preprint\fullpage.sty"
Package: fullpage 1999/02/23 1.1 (PWD)
\FP@margin=\skip47
)
("C:\Program Files\MiKTeX 2.9\tex\latex\rotating\rotating.sty"
Package: rotating 2009/03/28 v2.16a rotated objects in LaTeX

("C:\Program Files\MiKTeX 2.9\tex\latex\base\ifthen.sty"
Package: ifthen 2001/05/26 v1.1c Standard LaTeX ifthen package (DPC)
)
\c@r@tfl@t=\count108
\rotFPtop=\skip48
\rotFPbot=\skip49
\rot@float@box=\box31
\rot@mess@toks=\toks26
)
("C:\Program Files\MiKTeX 2.9\tex\latex\multirow\multirow.sty"
\bigstrutjot=\dimen134
)
\leftbarwidth=\skip50
\leftbarsep=\skip51
\leftbarmargin=\skip52
\defaultparindent=\skip53
)
(D:\EPFL\LabElec\AD_DA\rapport.aux

LaTeX Warning: Label `fig:slow' multiply defined.

)
LaTeX Font Info:    Checking defaults for OML/cmm/m/it on input line 6.
LaTeX Font Info:    ... okay on input line 6.
LaTeX Font Info:    Checking defaults for T1/cmr/m/n on input line 6.
LaTeX Font Info:    ... okay on input line 6.
LaTeX Font Info:    Checking defaults for OT1/cmr/m/n on input line 6.
LaTeX Font Info:    ... okay on input line 6.
LaTeX Font Info:    Checking defaults for OMS/cmsy/m/n on input line 6.
LaTeX Font Info:    ... okay on input line 6.
LaTeX Font Info:    Checking defaults for OMX/cmex/m/n on input line 6.
LaTeX Font Info:    ... okay on input line 6.
LaTeX Font Info:    Checking defaults for U/cmr/m/n on input line 6.
LaTeX Font Info:    ... okay on input line 6.
 ("C:\Program Files\MiKTeX 2.9\tex\context\base\supp-pdf.mkii"
[Loading MPS to PDF converter (version 2006.09.02).]
\scratchcounter=\count109
\scratchdimen=\dimen135
\scratchbox=\box32
\nofMPsegments=\count110
\nofMParguments=\count111
\everyMPshowfont=\toks27
\MPscratchCnt=\count112
\MPscratchDim=\dimen136
\MPnumerator=\count113
\makeMPintoPDFobject=\count114
\everyMPtoPDFconversion=\toks28
)
Package caption Info: Begin \AtBeginDocument code.
Package caption Info: rotating package is loaded.
Package caption Info: wrapfig package is loaded.
Package caption Info: End \AtBeginDocument code.

*geometry* driver: auto-detecting
*geometry* detected driver: pdftex
*geometry* verbose mode - [ preamble ] result:
* driver: pdftex
* paper: <default>
* layout: <same size as paper>
* layoutoffset:(h,v)=(0.0pt,0.0pt)
* modes: 
* h-part:(L,W,R)=(92.14519pt, 430.00462pt, 92.14519pt)
* v-part:(T,H,B)=(95.39737pt, 556.47656pt, 143.09605pt)
* \paperwidth=614.295pt
* \paperheight=794.96999pt
* \textwidth=483.69684pt
* \textheight=654.41338pt
* \oddsidemargin=0.0pt
* \evensidemargin=0.0pt
* \topmargin=-28.45274pt
* \headheight=0.0pt
* \headsep=10.0pt
* \topskip=10.0pt
* \footskip=27.0pt
* \marginparwidth=54.0pt
* \marginparsep=7.0pt
* \columnsep=10.0pt
* \skip\footins=9.0pt plus 4.0pt minus 2.0pt
* \hoffset=0.0pt
* \voffset=0.0pt
* \mag=1000
* \@twocolumnfalse
* \@twosidefalse
* \@mparswitchfalse
* \@reversemarginfalse
* (1in=72.27pt=25.4mm, 1cm=28.453pt)


LaTeX Font Warning: Font shape `T1/cmr/m/n' in size <20> not available
(Font)              size <20.74> substituted on input line 8.


LaTeX Font Warning: Font shape `T1/cmr/bx/n' in size <20> not available
(Font)              size <20.74> substituted on input line 8.


Underfull \hbox (badness 10000) in paragraph at lines 26--27

 []

LaTeX Font Info:    Try loading font information for U+msa on input line 30.
("C:\Program Files\MiKTeX 2.9\tex\latex\amsfonts\umsa.fd"
File: umsa.fd 2009/06/22 v3.00 AMS symbols A
)
LaTeX Font Info:    Try loading font information for U+msb on input line 30.

("C:\Program Files\MiKTeX 2.9\tex\latex\amsfonts\umsb.fd"
File: umsb.fd 2009/06/22 v3.00 AMS symbols B
)
<2bitFlash.jpg, id=1, 494.59781pt x 386.19281pt>
File: 2bitFlash.jpg Graphic file (type jpg)
 <use 2bitFlash.jpg>
Package pdftex.def Info: 2bitFlash.jpg used on input line 40.
(pdftex.def)             Requested size: 193.47577pt x 151.06833pt.

<8bitSemiFlash.jpg, id=2, 489.32813pt x 365.86688pt>
File: 8bitSemiFlash.jpg Graphic file (type jpg)
 <use 8bitSemiFlash.jpg>
Package pdftex.def Info: 8bitSemiFlash.jpg used on input line 47.
(pdftex.def)             Requested size: 193.47577pt x 144.66377pt.

[1

{C:/ProgramData/MiKTeX/2.9/pdftex/config/pdftex.map} <D:/EPFL/LabElec/AD_DA/2bi
tFlash.jpg> <D:/EPFL/LabElec/AD_DA/8bitSemiFlash.jpg>]
Underfull \hbox (badness 10000) in paragraph at lines 64--65

 []


Underfull \hbox (badness 10000) in paragraph at lines 82--83

 []


Underfull \hbox (badness 10000) in paragraph at lines 87--88

 []

<ADCresults.png, id=22, 1065.22969pt x 220.57407pt>
File: ADCresults.png Graphic file (type png)
 <use ADCresults.png>
Package pdftex.def Info: ADCresults.png used on input line 154.
(pdftex.def)             Requested size: 483.69684pt x 100.15604pt.

<ADCresults_lincorr.png, id=24, 1064.47687pt x 219.82124pt>
File: ADCresults_lincorr.png Graphic file (type png)

<use ADCresults_lincorr.png>
Package pdftex.def Info: ADCresults_lincorr.png used on input line 161.
(pdftex.def)             Requested size: 483.69684pt x 99.88464pt.

<ADCresults_corr.png, id=25, 1061.46562pt x 216.05719pt>
File: ADCresults_corr.png Graphic file (type png)

<use ADCresults_corr.png>
Package pdftex.def Info: ADCresults_corr.png used on input line 168.
(pdftex.def)             Requested size: 483.69684pt x 98.45451pt.
 [2] [3 <D:/EPFL/LabElec/AD_DA/ADCresults.png> <D:/EPFL/LabElec/AD_DA/ADCresult
s_lincorr.png> <D:/EPFL/LabElec/AD_DA/ADCresults_corr.png>]
Underfull \hbox (badness 10000) in paragraph at lines 206--207

 []

<R2Rbasics.jpg, id=42, 572.89032pt x 217.5628pt>
File: R2Rbasics.jpg Graphic file (type jpg)
 <use R2Rbasics.jpg>
Package pdftex.def Info: R2Rbasics.jpg used on input line 219.
(pdftex.def)             Requested size: 207.98608pt x 78.9865pt.

<R2Rexpended.jpg, id=43, 739.26187pt x 275.52937pt>
File: R2Rexpended.jpg Graphic file (type jpg)
 <use R2Rexpended.jpg>
Package pdftex.def Info: R2Rexpended.jpg used on input line 226.
(pdftex.def)             Requested size: 256.35872pt x 95.54541pt.


LaTeX Warning: `h' float specifier changed to `ht'.

[4] <AD7524.jpg, id=56, 733.23938pt x 347.79938pt>
File: AD7524.jpg Graphic file (type jpg)
 <use AD7524.jpg>
Package pdftex.def Info: AD7524.jpg used on input line 240.
(pdftex.def)             Requested size: 290.22105pt x 137.66316pt.

<AD7524eq.jpg, id=57, 237.88875pt x 143.78719pt>
File: AD7524eq.jpg Graphic file (type jpg)
 <use AD7524eq.jpg>
Package pdftex.def Info: AD7524eq.jpg used on input line 247.
(pdftex.def)             Requested size: 96.73788pt x 58.47044pt.

Underfull \hbox (badness 10000) in paragraph at lines 267--268

 []

[5 <D:/EPFL/LabElec/AD_DA/R2Rbasics.jpg> <D:/EPFL/LabElec/AD_DA/R2Rexpended.jpg
> <D:/EPFL/LabElec/AD_DA/AD7524.jpg> <D:/EPFL/LabElec/AD_DA/AD7524eq.jpg>]
Underfull \hbox (badness 10000) in paragraph at lines 276--277

 []


Underfull \hbox (badness 10000) in paragraph at lines 291--292

 []


Underfull \hbox (badness 10000) in paragraph at lines 296--297

 []

LaTeX Font Info:    Try loading font information for T1+cmtt on input line 327.

("C:\Program Files\MiKTeX 2.9\tex\latex\base\t1cmtt.fd"
File: t1cmtt.fd 1999/05/25 v2.5h Standard LaTeX font definitions
)
Overfull \hbox (20.87976pt too wide) in paragraph at lines 338--338
[]\T1/cmr/m/n/10 Ainsi, le con-ver-tis-seur numérique/analogique étudié est mon
o-tone. En ef-fet, cela mon-tre que si $[]$,
 []

[6]
Overfull \hbox (30.30228pt too wide) in paragraph at lines 366--367
[]\T1/cmr/m/n/10 On notera $\OML/cmm/m/it/10 V[]$ \T1/cmr/m/n/10 la ten-sion im
-posée en en-trée du mon-tage (ten-sion d'entrée du con-ver-tis-seur analogique
/numérique),
 []


Underfull \hbox (badness 10000) in paragraph at lines 374--375

 []

<data/TEK0018_.jpg, id=67, 210.386pt x 172.645pt>
File: data/TEK0018_.jpg Graphic file (type jpg)
 <use data/TEK0018_.jpg>
Package pdftex.def Info: data/TEK0018_.jpg used on input line 389.
(pdftex.def)             Requested size: 193.47577pt x 158.77472pt.

<data/TEK0017_.jpg, id=68, 203.159pt x 171.842pt>
File: data/TEK0017_.jpg Graphic file (type jpg)
 <use data/TEK0017_.jpg>
Package pdftex.def Info: data/TEK0017_.jpg used on input line 396.
(pdftex.def)             Requested size: 193.47577pt x 163.65276pt.


LaTeX Warning: `!h' float specifier changed to `!ht'.

File: data/TEK0017_.jpg Graphic file (type jpg)
<use data/TEK0017_.jpg>
Package pdftex.def Info: data/TEK0017_.jpg used on input line 419.
(pdftex.def)             Requested size: 145.11052pt x 122.74284pt.
 <data/TEK0000_.jpg, id=69, 256.96pt x 192.72pt>
File: data/TEK0000_.jpg Graphic file (type jpg)

<use data/TEK0000_.jpg>
Package pdftex.def Info: data/TEK0000_.jpg used on input line 426.
(pdftex.def)             Requested size: 145.11052pt x 108.83406pt.
 <data/TEK0020_.jpg, id=70, 256.96pt x 192.72pt>
File: data/TEK0020_.jpg Graphic file (type jpg)

<use data/TEK0020_.jpg>
Package pdftex.def Info: data/TEK0020_.jpg used on input line 433.
(pdftex.def)             Requested size: 145.11052pt x 108.83406pt.


LaTeX Warning: `!h' float specifier changed to `!ht'.

<principe_chambre_d'echo.png, id=71, 448.67625pt x 189.70876pt>
File: principe_chambre_d'echo.png Graphic file (type png)

<use principe_chambre_d'echo.png>
Package pdftex.def Info: principe_chambre_d'echo.png used on input line 458.
(pdftex.def)             Requested size: 448.67516pt x 189.70828pt.
 [7] [8 <D:/EPFL/LabElec/AD_DA/data/TEK0018_.jpg> <D:/EPFL/LabElec/AD_DA/data/T
EK0017_.jpg> <D:/EPFL/LabElec/AD_DA/data/TEK0000_.jpg> <D:/EPFL/LabElec/AD_DA/d
ata/TEK0020_.jpg>]
LaTeX Font Info:    Try loading font information for OMS+cmr on input line 462.


("C:\Program Files\MiKTeX 2.9\tex\latex\base\omscmr.fd"
File: omscmr.fd 1999/05/25 v2.5h Standard LaTeX font definitions
)
LaTeX Font Info:    Font shape `OMS/cmr/m/n' in size <10> not available
(Font)              Font shape `OMS/cmsy/m/n' tried instead on input line 462.

Underfull \hbox (badness 10000) in paragraph at lines 471--473

 []

[9 <D:/EPFL/LabElec/AD_DA/principe_chambre_d'echo.png>]
<shema_echo_entree.png, id=84, 971.63pt x 360.34625pt>
File: shema_echo_entree.png Graphic file (type png)

<use shema_echo_entree.png>
Package pdftex.def Info: shema_echo_entree.png used on input line 499.
(pdftex.def)             Requested size: 435.32419pt x 161.445pt.

Underfull \hbox (badness 10000) in paragraph at lines 501--506

 []

<shema_sequenceur_1.png, id=85, 548.80031pt x 216.81pt>
File: shema_sequenceur_1.png Graphic file (type png)

<use shema_sequenceur_1.png>
Package pdftex.def Info: shema_sequenceur_1.png used on input line 530.
(pdftex.def)             Requested size: 483.69684pt x 191.09444pt.
 [10 <D:/EPFL/LabElec/AD_DA/shema_echo_entree.png (PNG copy)>]
Underfull \hbox (badness 10000) in paragraph at lines 540--546

 []


Underfull \hbox (badness 10000) in paragraph at lines 540--546

 []

<shema_sequenceur_2.png, id=89, 469.00218pt x 292.09125pt>
File: shema_sequenceur_2.png Graphic file (type png)

<use shema_sequenceur_2.png>
Package pdftex.def Info: shema_sequenceur_2.png used on input line 547.
(pdftex.def)             Requested size: 338.5863pt x 210.8671pt.
 [11 <D:/EPFL/LabElec/AD_DA/shema_sequenceur_1.png>]
Overfull \hbox (35.22475pt too wide) in paragraph at lines 552--565
 [] 
 []

<chronogramme_sequenceur.png, id=93, 486.31688pt x 341.77687pt>
File: chronogramme_sequenceur.png Graphic file (type png)

<use chronogramme_sequenceur.png>
Package pdftex.def Info: chronogramme_sequenceur.png used on input line 571.
(pdftex.def)             Requested size: 324.07599pt x 227.75333pt.

Underfull \hbox (badness 7012) in paragraph at lines 574--575
[]\T1/cmr/m/n/10 Conclusion : A chaque cy-
 []


Underfull \hbox (badness 1102) in paragraph at lines 574--575
\T1/cmr/m/n/10 cle, une valeur dans la SRAM
 []


Underfull \hbox (badness 3965) in paragraph at lines 574--575
\T1/cmr/m/n/10 valeur provenant du con-ver-tis-
 []


Overfull \hbox (18.77672pt too wide) in paragraph at lines 570--576
[]$[]$ $[]$ 
 []


Underfull \hbox (badness 10000) in paragraph at lines 585--587

 []

[12 <D:/EPFL/LabElec/AD_DA/shema_sequenceur_2.png> <D:/EPFL/LabElec/AD_DA/chron
ogramme_sequenceur.png>] <err_quantif_8bit_t.png, id=98, 578.16pt x 433.62pt>
File: err_quantif_8bit_t.png Graphic file (type png)

<use err_quantif_8bit_t.png>
Package pdftex.def Info: err_quantif_8bit_t.png used on input line 594.
(pdftex.def)             Requested size: 227.62204pt x 170.71231pt.

<err_quantif_8bit_f.png, id=99, 578.16pt x 433.62pt>
File: err_quantif_8bit_f.png Graphic file (type png)

<use err_quantif_8bit_f.png>
Package pdftex.def Info: err_quantif_8bit_f.png used on input line 594.
(pdftex.def)             Requested size: 227.62204pt x 170.71231pt.

<err_quantif_4bit_t.png, id=100, 578.16pt x 433.62pt>
File: err_quantif_4bit_t.png Graphic file (type png)

<use err_quantif_4bit_t.png>
Package pdftex.def Info: err_quantif_4bit_t.png used on input line 598.
(pdftex.def)             Requested size: 227.62204pt x 170.71231pt.

<err_quantif_4bit_f.png, id=101, 578.16pt x 433.62pt>
File: err_quantif_4bit_f.png Graphic file (type png)

<use err_quantif_4bit_f.png>
Package pdftex.def Info: err_quantif_4bit_f.png used on input line 598.
(pdftex.def)             Requested size: 227.62204pt x 170.71231pt.

<err_quantif_1bit_t.png, id=102, 578.16pt x 433.62pt>
File: err_quantif_1bit_t.png Graphic file (type png)

<use err_quantif_1bit_t.png>
Package pdftex.def Info: err_quantif_1bit_t.png used on input line 602.
(pdftex.def)             Requested size: 227.62204pt x 170.71231pt.

<err_quantif_1bit_f.png, id=103, 578.16pt x 433.62pt>
File: err_quantif_1bit_f.png Graphic file (type png)

<use err_quantif_1bit_f.png>
Package pdftex.def Info: err_quantif_1bit_f.png used on input line 602.
(pdftex.def)             Requested size: 227.62204pt x 170.71231pt.
 [13]
Underfull \hbox (badness 10000) in paragraph at lines 607--615

 []


Underfull \hbox (badness 10000) in paragraph at lines 607--615

 []

[14 <D:/EPFL/LabElec/AD_DA/err_quantif_8bit_t.png> <D:/EPFL/LabElec/AD_DA/err_q
uantif_8bit_f.png> <D:/EPFL/LabElec/AD_DA/err_quantif_4bit_t.png> <D:/EPFL/LabE
lec/AD_DA/err_quantif_4bit_f.png> <D:/EPFL/LabElec/AD_DA/err_quantif_1bit_t.png
> <D:/EPFL/LabElec/AD_DA/err_quantif_1bit_f.png>]
Underfull \hbox (badness 10000) in paragraph at lines 616--617

 []


Underfull \hbox (badness 10000) in paragraph at lines 625--626

 []


Underfull \hbox (badness 10000) in paragraph at lines 632--643

 []


Underfull \hbox (badness 10000) in paragraph at lines 632--643

 []

[15] (D:\EPFL\LabElec\AD_DA\rapport.aux)

LaTeX Font Warning: Size substitutions with differences
(Font)              up to 0.74pt have occurred.


LaTeX Warning: There were multiply-defined labels.

 ) 
Here is how much of TeX's memory you used:
 4560 strings out of 494045
 63537 string characters out of 3148379
 131567 words of memory out of 3000000
 7726 multiletter control sequences out of 15000+200000
 23464 words of font info for 63 fonts, out of 3000000 for 9000
 715 hyphenation exceptions out of 8191
 38i,10n,38p,639b,494s stack positions out of 5000i,500n,10000p,200000b,50000s
 <C:\Users\Jonathan\AppData\Local\MiKTeX\2.9\fonts\pk\ljfour\jknappen\ec\dpi6
00\ecbx1000.pk> <C:\Users\Jonathan\AppData\Local\MiKTeX\2.9\fonts\pk\ljfour\jkn
appen\ec\dpi600\ectt1000.pk> <C:\Users\Jonathan\AppData\Local\MiKTeX\2.9\fonts\
pk\ljfour\jknappen\ec\dpi600\ecrm0800.pk> <C:\Users\Jonathan\AppData\Local\MiKT
eX\2.9\fonts\pk\ljfour\jknappen\ec\dpi600\ecrm0600.pk> <C:\Users\Jonathan\AppDa
ta\Local\MiKTeX\2.9\fonts\pk\ljfour\jknappen\ec\dpi600\ecrm0700.pk> <C:\Users\J
onathan\AppData\Local\MiKTeX\2.9\fonts\pk\ljfour\jknappen\ec\dpi600\ecrm0900.pk
> <C:\Users\Jonathan\AppData\Local\MiKTeX\2.9\fonts\pk\ljfour\jknappen\ec\dpi60
0\ecbx1200.pk> <C:\Users\Jonathan\AppData\Local\MiKTeX\2.9\fonts\pk\ljfour\jkna
ppen\ec\dpi600\ecti1000.pk> <C:\Users\Jonathan\AppData\Local\MiKTeX\2.9\fonts\p
k\ljfour\jknappen\ec\dpi600\ecrm1000.pk> <C:\Users\Jonathan\AppData\Local\MiKTe
X\2.9\fonts\pk\ljfour\jknappen\ec\dpi600\ecbx1440.pk> <C:\Users\Jonathan\AppDat
a\Local\MiKTeX\2.9\fonts\pk\ljfour\jknappen\ec\dpi600\ecxc1440.pk> <C:\Users\Jo
nathan\AppData\Local\MiKTeX\2.9\fonts\pk\ljfour\jknappen\ec\dpi600\ecbx2986.pk>
 <C:\Users\Jonathan\AppData\Local\MiKTeX\2.9\fonts\pk\ljfour\jknappen\ec\dpi600
\ecbx2074.pk><C:/Program Files/MiKTeX 2.9/fonts/type1/public/amsfonts/cm/cmex10
.pfb><C:/Program Files/MiKTeX 2.9/fonts/type1/public/amsfonts/cmextra/cmex8.pfb
><C:/Program Files/MiKTeX 2.9/fonts/type1/public/amsfonts/cm/cmmi10.pfb><C:/Pro
gram Files/MiKTeX 2.9/fonts/type1/public/amsfonts/cm/cmmi5.pfb><C:/Program File
s/MiKTeX 2.9/fonts/type1/public/amsfonts/cm/cmmi6.pfb><C:/Program Files/MiKTeX 
2.9/fonts/type1/public/amsfonts/cm/cmmi7.pfb><C:/Program Files/MiKTeX 2.9/fonts
/type1/public/amsfonts/cm/cmmi8.pfb><C:/Program Files/MiKTeX 2.9/fonts/type1/pu
blic/amsfonts/cm/cmmi9.pfb><C:/Program Files/MiKTeX 2.9/fonts/type1/public/amsf
onts/cm/cmr10.pfb><C:/Program Files/MiKTeX 2.9/fonts/type1/public/amsfonts/cm/c
mr5.pfb><C:/Program Files/MiKTeX 2.9/fonts/type1/public/amsfonts/cm/cmr6.pfb><C
:/Program Files/MiKTeX 2.9/fonts/type1/public/amsfonts/cm/cmr7.pfb><C:/Program 
Files/MiKTeX 2.9/fonts/type1/public/amsfonts/cm/cmr8.pfb><C:/Program Files/MiKT
eX 2.9/fonts/type1/public/amsfonts/cm/cmr9.pfb><C:/Program Files/MiKTeX 2.9/fon
ts/type1/public/amsfonts/cm/cmsy10.pfb><C:/Program Files/MiKTeX 2.9/fonts/type1
/public/amsfonts/cm/cmsy5.pfb><C:/Program Files/MiKTeX 2.9/fonts/type1/public/a
msfonts/cm/cmsy6.pfb><C:/Program Files/MiKTeX 2.9/fonts/type1/public/amsfonts/c
m/cmsy7.pfb><C:/Program Files/MiKTeX 2.9/fonts/type1/public/amsfonts/cm/cmsy8.p
fb><C:/Program Files/MiKTeX 2.9/fonts/type1/public/amsfonts/cm/cmsy9.pfb><C:/Pr
ogram Files/MiKTeX 2.9/fonts/type1/public/amsfonts/cm/cmtt10.pfb><C:/Program Fi
les/MiKTeX 2.9/fonts/type1/public/amsfonts/cm/cmtt8.pfb><C:/Program Files/MiKTe
X 2.9/fonts/type1/public/amsfonts/symbols/msbm10.pfb>
Output written on rapport.pdf (15 pages, 1235531 bytes).
PDF statistics:
 572 PDF objects out of 1000 (max. 8388607)
 0 named destinations out of 1000 (max. 500000)
 121 words of extra memory for PDF output out of 10000 (max. 10000000)

